  [4;36;1mSQL (0.2ms)[0m   [0;1mSET client_min_messages TO 'panic'[0m
  [4;35;1mSQL (0.1ms)[0m   [0mSET client_min_messages TO 'notice'[0m
  [4;36;1mSQL (5.2ms)[0m   [0;1mCREATE TABLE "schema_migrations" ("version" character varying(255) NOT NULL) [0m
  [4;35;1mSQL (3.0ms)[0m   [0mCREATE UNIQUE INDEX "unique_schema_migrations" ON "schema_migrations" ("version")[0m
  [4;36;1mSQL (0.4ms)[0m   [0;1mSELECT version FROM schema_migrations[0m
Migrating to CreateMovies (20091228111418)
  [4;35;1mSQL (0.1ms)[0m   [0mBEGIN[0m
  [4;36;1mSQL (6.4ms)[0m   [0;1mCREATE TABLE "movies" ("id" serial primary key, "title" character varying(255), "created_at" timestamp, "updated_at" timestamp) [0m
  [4;35;1mSQL (0.7ms)[0m   [0mINSERT INTO schema_migrations (version) VALUES ('20091228111418')[0m
  [4;36;1mSQL (1.0ms)[0m   [0;1mCOMMIT[0m
  [4;35;1mSQL (1.1ms)[0m   [0mSELECT version FROM schema_migrations[0m
  [4;36;1mSQL (0.2ms)[0m   [0;1mSET client_min_messages TO 'panic'[0m
  [4;35;1mSQL (0.1ms)[0m   [0mSET client_min_messages TO 'notice'[0m


Processing ApplicationController#index (for 127.0.0.1 at 2009-12-28 12:18:14) [GET]

ActionController::RoutingError (No route matches "/movie" with {:method=>:get}):
  

Rendering rescues/layout (not_found)
  [4;36;1mSQL (0.2ms)[0m   [0;1mSET client_min_messages TO 'panic'[0m
  [4;35;1mSQL (0.1ms)[0m   [0mSET client_min_messages TO 'notice'[0m


Processing MoviesController#index (for 127.0.0.1 at 2009-12-28 12:18:17) [GET]
  [4;36;1mMovie Load (1.6ms)[0m   [0;1mSELECT * FROM "movies" [0m
Rendering template within layouts/movies
Rendering movies/index
Completed in 57ms (View: 37, DB: 2) | 200 OK [http://localhost/movies]
  [4;35;1mSQL (0.2ms)[0m   [0mSET client_min_messages TO 'panic'[0m
  [4;36;1mSQL (0.1ms)[0m   [0;1mSET client_min_messages TO 'notice'[0m


Processing MoviesController#new (for 127.0.0.1 at 2009-12-28 12:18:28) [GET]
Rendering template within layouts/movies
Rendering movies/new
Completed in 40ms (View: 16, DB: 0) | 200 OK [http://localhost/movies/new]
  [4;35;1mSQL (0.2ms)[0m   [0mSET client_min_messages TO 'panic'[0m
  [4;36;1mSQL (0.1ms)[0m   [0;1mSET client_min_messages TO 'notice'[0m


Processing MoviesController#create (for 127.0.0.1 at 2009-12-28 12:18:36) [POST]
  Parameters: {"commit"=>"Create", "authenticity_token"=>"kPZPmLnZuFRVNjJOswadDgamMrB9B3/qw7zOaQZpySg=", "movie"=>{"title"=>"Avatar"}}
  [4;35;1mSQL (0.1ms)[0m   [0mBEGIN[0m
  [4;36;1mSQL (1.6ms)[0m   [0;1mINSERT INTO "movies" ("created_at", "title", "updated_at") VALUES('2009-12-28 11:18:36.949343', E'Avatar', '2009-12-28 11:18:36.949343') RETURNING "id"[0m
  [4;35;1mSQL (1.0ms)[0m   [0mCOMMIT[0m
Redirected to http://localhost:3000/movies/1
Completed in 134ms (DB: 3) | 302 Found [http://localhost/movies]
  [4;36;1mSQL (0.1ms)[0m   [0;1mSET client_min_messages TO 'panic'[0m
  [4;35;1mSQL (0.1ms)[0m   [0mSET client_min_messages TO 'notice'[0m


Processing MoviesController#show (for 127.0.0.1 at 2009-12-28 12:18:37) [GET]
  Parameters: {"id"=>"1"}
  [4;36;1mMovie Load (0.7ms)[0m   [0;1mSELECT * FROM "movies" WHERE ("movies"."id" = 1) [0m
Rendering template within layouts/movies
Rendering movies/show
Completed in 37ms (View: 11, DB: 1) | 200 OK [http://localhost/movies/1]
  [4;35;1mSQL (0.2ms)[0m   [0mSET client_min_messages TO 'panic'[0m
  [4;36;1mSQL (0.2ms)[0m   [0;1mSET client_min_messages TO 'notice'[0m


Processing MoviesController#index (for 127.0.0.1 at 2009-12-28 12:18:40) [GET]
  [4;35;1mMovie Load (1.7ms)[0m   [0mSELECT * FROM "movies" [0m
Rendering template within layouts/movies
Rendering movies/index
Completed in 33ms (View: 13, DB: 2) | 200 OK [http://localhost/movies]
  [4;36;1mSQL (0.2ms)[0m   [0;1mSET client_min_messages TO 'panic'[0m
  [4;35;1mSQL (0.2ms)[0m   [0mSET client_min_messages TO 'notice'[0m


Processing MoviesController#show (for 127.0.0.1 at 2009-12-28 12:22:56) [GET]
  Parameters: {"id"=>"1"}
  [4;36;1mMovie Load (0.7ms)[0m   [0;1mSELECT * FROM "movies" WHERE ("movies"."id" = 1) [0m
Rendering template within layouts/movies
Rendering movies/show
Completed in 32ms (View: 5, DB: 1) | 200 OK [http://localhost/movies/1]
  [4;35;1mSQL (0.2ms)[0m   [0mSET client_min_messages TO 'panic'[0m
  [4;36;1mSQL (0.2ms)[0m   [0;1mSET client_min_messages TO 'notice'[0m


Processing MoviesController#index (for 127.0.0.1 at 2009-12-28 12:22:59) [GET]
  [4;35;1mMovie Load (1.7ms)[0m   [0mSELECT * FROM "movies" [0m
Rendering template within layouts/movies
Rendering movies/index
Completed in 33ms (View: 13, DB: 2) | 200 OK [http://localhost/movies]
  [4;36;1mSQL (0.2ms)[0m   [0;1mSET client_min_messages TO 'panic'[0m
  [4;35;1mSQL (0.2ms)[0m   [0mSET client_min_messages TO 'notice'[0m


Processing MoviesController#index (for 127.0.0.1 at 2009-12-28 12:28:37) [GET]
  [4;36;1mMovie Load (1.7ms)[0m   [0;1mSELECT * FROM "movies" [0m
Rendering template within layouts/movies
Rendering movies/index

ActionView::TemplateError (undefined local variable or method `gee_movie_path' for #<ActionView::Base:0x261c5cc>) on line #21 of app/views/movies/index.html.erb:
18: <br />
19: 
20: <%= link_to 'New movie', new_movie_path %>
21: <%= link_to 'GEE movies', gee_movie_path %>

    app/views/movies/index.html.erb:21
    app/controllers/movies_controller.rb:7:in `index'

Rendered rescues/_trace (106.2ms)
Rendered rescues/_request_and_response (2.7ms)
Rendering rescues/layout (internal_server_error)
  [4;35;1mSQL (0.1ms)[0m   [0mSET client_min_messages TO 'panic'[0m
  [4;36;1mSQL (0.1ms)[0m   [0;1mSET client_min_messages TO 'notice'[0m


Processing MoviesController#index (for 127.0.0.1 at 2009-12-28 12:29:56) [GET]
  [4;35;1mMovie Load (1.7ms)[0m   [0mSELECT * FROM "movies" [0m
Rendering template within layouts/movies
Rendering movies/index
Completed in 40ms (View: 20, DB: 2) | 200 OK [http://localhost/movies]
  [4;36;1mSQL (0.3ms)[0m   [0;1mSET client_min_messages TO 'panic'[0m
  [4;35;1mSQL (0.2ms)[0m   [0mSET client_min_messages TO 'notice'[0m


Processing MoviesController#show (for 127.0.0.1 at 2009-12-28 12:30:05) [GET]
  Parameters: {"id"=>"gee_index"}
  [4;36;1mMovie Load (0.6ms)[0m   [0;1mSELECT * FROM "movies" WHERE ("movies"."id" = 0) [0m

ActiveRecord::RecordNotFound (Couldn't find Movie with ID=gee_index):
  app/controllers/movies_controller.rb:25:in `show'

Rendered rescues/_trace (152.4ms)
Rendered rescues/_request_and_response (0.5ms)
Rendering rescues/layout (not_found)
  [4;35;1mSQL (0.2ms)[0m   [0mSET client_min_messages TO 'panic'[0m
  [4;36;1mSQL (0.1ms)[0m   [0;1mSET client_min_messages TO 'notice'[0m


Processing MoviesController#show (for 127.0.0.1 at 2009-12-28 12:30:28) [GET]
  Parameters: {"id"=>"gee_index"}
  [4;35;1mMovie Load (0.7ms)[0m   [0mSELECT * FROM "movies" WHERE ("movies"."id" = 0) [0m

ActiveRecord::RecordNotFound (Couldn't find Movie with ID=gee_index):
  app/controllers/movies_controller.rb:25:in `show'

Rendered rescues/_trace (78.5ms)
Rendered rescues/_request_and_response (0.5ms)
Rendering rescues/layout (not_found)
  [4;36;1mSQL (0.2ms)[0m   [0;1mSET client_min_messages TO 'panic'[0m
  [4;35;1mSQL (0.1ms)[0m   [0mSET client_min_messages TO 'notice'[0m


Processing MoviesController#show (for 127.0.0.1 at 2009-12-28 12:31:19) [GET]
  Parameters: {"id"=>"gee_index"}
  [4;36;1mMovie Load (0.6ms)[0m   [0;1mSELECT * FROM "movies" WHERE ("movies"."id" = 0) [0m

ActiveRecord::RecordNotFound (Couldn't find Movie with ID=gee_index):
  app/controllers/movies_controller.rb:25:in `show'

Rendered rescues/_trace (78.1ms)
Rendered rescues/_request_and_response (0.6ms)
Rendering rescues/layout (not_found)
  [4;35;1mSQL (0.2ms)[0m   [0mSET client_min_messages TO 'panic'[0m
  [4;36;1mSQL (0.1ms)[0m   [0;1mSET client_min_messages TO 'notice'[0m


Processing MoviesController#show (for 127.0.0.1 at 2009-12-28 12:31:43) [GET]
  Parameters: {"id"=>"gee_index"}
  [4;35;1mMovie Load (0.6ms)[0m   [0mSELECT * FROM "movies" WHERE ("movies"."id" = 0) [0m

ActiveRecord::RecordNotFound (Couldn't find Movie with ID=gee_index):
  app/controllers/movies_controller.rb:25:in `show'

Rendered rescues/_trace (153.5ms)
Rendered rescues/_request_and_response (0.5ms)
Rendering rescues/layout (not_found)
  [4;36;1mSQL (0.2ms)[0m   [0;1mSET client_min_messages TO 'panic'[0m
  [4;35;1mSQL (0.1ms)[0m   [0mSET client_min_messages TO 'notice'[0m


Processing MoviesController#show (for 127.0.0.1 at 2009-12-28 12:33:30) [GET]
  Parameters: {"id"=>"gee_index"}
  [4;36;1mMovie Load (0.6ms)[0m   [0;1mSELECT * FROM "movies" WHERE ("movies"."id" = 0) [0m

ActiveRecord::RecordNotFound (Couldn't find Movie with ID=gee_index):
  app/controllers/movies_controller.rb:25:in `show'

Rendered rescues/_trace (78.4ms)
Rendered rescues/_request_and_response (0.5ms)
Rendering rescues/layout (not_found)
  [4;35;1mSQL (0.2ms)[0m   [0mSET client_min_messages TO 'panic'[0m
  [4;36;1mSQL (0.1ms)[0m   [0;1mSET client_min_messages TO 'notice'[0m


Processing MoviesController#show (for 127.0.0.1 at 2009-12-28 12:33:31) [GET]
  Parameters: {"id"=>"gee_index"}
  [4;35;1mMovie Load (0.6ms)[0m   [0mSELECT * FROM "movies" WHERE ("movies"."id" = 0) [0m

ActiveRecord::RecordNotFound (Couldn't find Movie with ID=gee_index):
  app/controllers/movies_controller.rb:25:in `show'

Rendered rescues/_trace (77.7ms)
Rendered rescues/_request_and_response (0.5ms)
Rendering rescues/layout (not_found)
  [4;36;1mSQL (0.2ms)[0m   [0;1mSET client_min_messages TO 'panic'[0m
  [4;35;1mSQL (0.1ms)[0m   [0mSET client_min_messages TO 'notice'[0m


Processing MoviesController#show (for 127.0.0.1 at 2009-12-28 12:33:34) [GET]
  Parameters: {"id"=>"gee_index"}
  [4;36;1mMovie Load (0.6ms)[0m   [0;1mSELECT * FROM "movies" WHERE ("movies"."id" = 0) [0m

ActiveRecord::RecordNotFound (Couldn't find Movie with ID=gee_index):
  app/controllers/movies_controller.rb:25:in `show'

Rendered rescues/_trace (154.4ms)
Rendered rescues/_request_and_response (0.5ms)
Rendering rescues/layout (not_found)
  [4;35;1mSQL (0.2ms)[0m   [0mSET client_min_messages TO 'panic'[0m
  [4;36;1mSQL (0.1ms)[0m   [0;1mSET client_min_messages TO 'notice'[0m


Processing MoviesController#show (for 127.0.0.1 at 2009-12-28 12:33:47) [GET]
  Parameters: {"id"=>"gee_index"}
  [4;35;1mMovie Load (0.6ms)[0m   [0mSELECT * FROM "movies" WHERE ("movies"."id" = 0) [0m

ActiveRecord::RecordNotFound (Couldn't find Movie with ID=gee_index):
  app/controllers/movies_controller.rb:25:in `show'

Rendered rescues/_trace (78.8ms)
Rendered rescues/_request_and_response (0.7ms)
Rendering rescues/layout (not_found)
  [4;36;1mSQL (0.2ms)[0m   [0;1mSET client_min_messages TO 'panic'[0m
  [4;35;1mSQL (0.1ms)[0m   [0mSET client_min_messages TO 'notice'[0m


Processing MoviesController#index (for 127.0.0.1 at 2009-12-28 12:33:57) [GET]
  [4;36;1mMovie Load (1.7ms)[0m   [0;1mSELECT * FROM "movies" [0m
Rendering template within layouts/movies
Rendering movies/index
Completed in 33ms (View: 13, DB: 2) | 200 OK [http://localhost/movies]
  [4;35;1mSQL (0.3ms)[0m   [0mSET client_min_messages TO 'panic'[0m
  [4;36;1mSQL (0.2ms)[0m   [0;1mSET client_min_messages TO 'notice'[0m


Processing MoviesController#show (for 127.0.0.1 at 2009-12-28 12:34:03) [GET]
  Parameters: {"id"=>"gee_index"}
  [4;35;1mMovie Load (0.6ms)[0m   [0mSELECT * FROM "movies" WHERE ("movies"."id" = 0) [0m

ActiveRecord::RecordNotFound (Couldn't find Movie with ID=gee_index):
  app/controllers/movies_controller.rb:25:in `show'

Rendered rescues/_trace (77.4ms)
Rendered rescues/_request_and_response (0.5ms)
Rendering rescues/layout (not_found)
  [4;36;1mSQL (0.2ms)[0m   [0;1mSET client_min_messages TO 'panic'[0m
  [4;35;1mSQL (0.1ms)[0m   [0mSET client_min_messages TO 'notice'[0m


Processing MoviesController#show (for 127.0.0.1 at 2009-12-28 12:34:49) [GET]
  Parameters: {"id"=>"gee_index"}
  [4;36;1mMovie Load (0.6ms)[0m   [0;1mSELECT * FROM "movies" WHERE ("movies"."id" = 0) [0m

ActiveRecord::RecordNotFound (Couldn't find Movie with ID=gee_index):
  app/controllers/movies_controller.rb:25:in `show'

Rendered rescues/_trace (156.5ms)
Rendered rescues/_request_and_response (0.6ms)
Rendering rescues/layout (not_found)
  [4;35;1mSQL (0.2ms)[0m   [0mSET client_min_messages TO 'panic'[0m
  [4;36;1mSQL (0.1ms)[0m   [0;1mSET client_min_messages TO 'notice'[0m


Processing MoviesController#show (for 127.0.0.1 at 2009-12-28 12:34:57) [GET]
  Parameters: {"id"=>"gee_index"}
  [4;35;1mMovie Load (0.6ms)[0m   [0mSELECT * FROM "movies" WHERE ("movies"."id" = 0) [0m

ActiveRecord::RecordNotFound (Couldn't find Movie with ID=gee_index):
  app/controllers/movies_controller.rb:25:in `show'

Rendered rescues/_trace (77.9ms)
Rendered rescues/_request_and_response (0.5ms)
Rendering rescues/layout (not_found)
  [4;36;1mSQL (0.1ms)[0m   [0;1mSET client_min_messages TO 'panic'[0m
  [4;35;1mSQL (0.1ms)[0m   [0mSET client_min_messages TO 'notice'[0m


Processing MoviesController#index (for 127.0.0.1 at 2009-12-28 12:40:31) [GET]
  [4;36;1mMovie Load (1.7ms)[0m   [0;1mSELECT * FROM "movies" [0m
Rendering template within layouts/movies
Rendering movies/index

ActionView::TemplateError (movie_url failed to generate from {:action=>"show", :controller=>"movies", :schema=>"gee"}, expected: {:action=>"show", :controller=>"movies"}, diff: {:schema=>"gee"}) on line #21 of app/views/movies/index.html.erb:
18: <br />
19: 
20: <%= link_to 'New movie', new_movie_path %>
21: <%= link_to 'GEE movies', movie_path(:schema => "gee") %>
22: <%= link_to 'All movies', movie_path(:schema => "public") %>

    (eval):16:in `movie_path'
    app/views/movies/index.html.erb:21
    app/controllers/movies_controller.rb:7:in `index'

Rendered rescues/_trace (187.4ms)
Rendered rescues/_request_and_response (0.5ms)
Rendering rescues/layout (internal_server_error)
  [4;35;1mSQL (0.2ms)[0m   [0mSET client_min_messages TO 'panic'[0m
  [4;36;1mSQL (0.1ms)[0m   [0;1mSET client_min_messages TO 'notice'[0m


Processing MoviesController#index (for 127.0.0.1 at 2009-12-28 12:41:20) [GET]
  [4;35;1mMovie Load (1.8ms)[0m   [0mSELECT * FROM "movies" [0m
Rendering template within layouts/movies
Rendering movies/index

ActionView::TemplateError (movie_url failed to generate from {:action=>"show", :controller=>"movies"} - you may have ambiguous routes, or you may need to supply additional parameters for this route.  content_url has the following required parameters: ["movies", :id] - are they all satisfied?) on line #21 of app/views/movies/index.html.erb:
18: <br />
19: 
20: <%= link_to 'New movie', new_movie_path %>
21: <%= link_to 'GEE movies', movie_path(), :schema => "gee" %>
22: <%= link_to 'All movies', movie_path(), :schema => "public" %>

    (eval):16:in `movie_path'
    app/views/movies/index.html.erb:21
    app/controllers/movies_controller.rb:7:in `index'

Rendered rescues/_trace (113.1ms)
Rendered rescues/_request_and_response (0.5ms)
Rendering rescues/layout (internal_server_error)
  [4;36;1mSQL (0.2ms)[0m   [0;1mSET client_min_messages TO 'panic'[0m
  [4;35;1mSQL (0.1ms)[0m   [0mSET client_min_messages TO 'notice'[0m


Processing MoviesController#index (for 127.0.0.1 at 2009-12-28 12:41:24) [GET]
  [4;36;1mMovie Load (1.7ms)[0m   [0;1mSELECT * FROM "movies" [0m
Rendering template within layouts/movies
Rendering movies/index

ActionView::TemplateError (movie_url failed to generate from {:action=>"show", :controller=>"movies"} - you may have ambiguous routes, or you may need to supply additional parameters for this route.  content_url has the following required parameters: ["movies", :id] - are they all satisfied?) on line #21 of app/views/movies/index.html.erb:
18: <br />
19: 
20: <%= link_to 'New movie', new_movie_path %>
21: <%= link_to 'GEE movies', movie_path(), :schema => "gee" %>
22: <%= link_to 'All movies', movie_path(), :schema => "public" %>

    (eval):16:in `movie_path'
    app/views/movies/index.html.erb:21
    app/controllers/movies_controller.rb:7:in `index'

Rendered rescues/_trace (193.5ms)
Rendered rescues/_request_and_response (0.5ms)
Rendering rescues/layout (internal_server_error)
  [4;35;1mSQL (0.2ms)[0m   [0mSET client_min_messages TO 'panic'[0m
  [4;36;1mSQL (0.2ms)[0m   [0;1mSET client_min_messages TO 'notice'[0m


Processing MoviesController#index (for 127.0.0.1 at 2009-12-28 12:41:49) [GET]
  [4;35;1mMovie Load (1.7ms)[0m   [0mSELECT * FROM "movies" [0m
Rendering template within layouts/movies
Rendering movies/index

ActionView::TemplateError (movie_url failed to generate from {:action=>"show", :controller=>"movies"} - you may have ambiguous routes, or you may need to supply additional parameters for this route.  content_url has the following required parameters: ["movies", :id] - are they all satisfied?) on line #21 of app/views/movies/index.html.erb:
18: <br />
19: 
20: <%= link_to 'New movie', new_movie_path %>
21: <%= link_to 'GEE movies', movie_path(), :schema => "gee" %>
22: <%= link_to 'All movies', movie_path(), :schema => "public" %>

    (eval):16:in `movie_path'
    app/views/movies/index.html.erb:21
    app/controllers/movies_controller.rb:7:in `index'

Rendered rescues/_trace (113.3ms)
Rendered rescues/_request_and_response (0.5ms)
Rendering rescues/layout (internal_server_error)
  [4;36;1mSQL (0.2ms)[0m   [0;1mSET client_min_messages TO 'panic'[0m
  [4;35;1mSQL (0.2ms)[0m   [0mSET client_min_messages TO 'notice'[0m


Processing MoviesController#index (for 127.0.0.1 at 2009-12-28 12:42:00) [GET]
  [4;36;1mMovie Load (1.8ms)[0m   [0;1mSELECT * FROM "movies" [0m
Rendering template within layouts/movies
Rendering movies/index

ActionView::TemplateError (movie_url failed to generate from {:action=>"show", :controller=>"movies"} - you may have ambiguous routes, or you may need to supply additional parameters for this route.  content_url has the following required parameters: ["movies", :id] - are they all satisfied?) on line #21 of app/views/movies/index.html.erb:
18: <br />
19: 
20: <%= link_to 'New movie', new_movie_path %>
21: <%= link_to 'GEE movies', movie_path() %>
22: <%= link_to 'All movies', movie_path() %>

    (eval):16:in `movie_path'
    app/views/movies/index.html.erb:21
    app/controllers/movies_controller.rb:7:in `index'

Rendered rescues/_trace (191.4ms)
Rendered rescues/_request_and_response (0.5ms)
Rendering rescues/layout (internal_server_error)
  [4;35;1mSQL (0.2ms)[0m   [0mSET client_min_messages TO 'panic'[0m
  [4;36;1mSQL (0.1ms)[0m   [0;1mSET client_min_messages TO 'notice'[0m


Processing MoviesController#index (for 127.0.0.1 at 2009-12-28 12:42:40) [GET]
  [4;35;1mMovie Load (1.7ms)[0m   [0mSELECT * FROM "movies" [0m
Rendering template within layouts/movies
Rendering movies/index

ActionView::TemplateError (movie_url failed to generate from {:action=>"show", :controller=>"movies"} - you may have ambiguous routes, or you may need to supply additional parameters for this route.  content_url has the following required parameters: ["movies", :id] - are they all satisfied?) on line #21 of app/views/movies/index.html.erb:
18: <br />
19: 
20: <%= link_to 'New movie', new_movie_path %>
21: <%= link_to 'GEE movies', movie_path() %>
22: <%= link_to 'All movies', movie_path() %>

    (eval):16:in `movie_path'
    app/views/movies/index.html.erb:21
    app/controllers/movies_controller.rb:7:in `index'

Rendered rescues/_trace (114.5ms)
Rendered rescues/_request_and_response (0.5ms)
Rendering rescues/layout (internal_server_error)
  [4;36;1mSQL (0.2ms)[0m   [0;1mSET client_min_messages TO 'panic'[0m
  [4;35;1mSQL (0.2ms)[0m   [0mSET client_min_messages TO 'notice'[0m


Processing MoviesController#index (for 127.0.0.1 at 2009-12-28 12:43:05) [GET]
  [4;36;1mMovie Load (1.7ms)[0m   [0;1mSELECT * FROM "movies" [0m
Rendering template within layouts/movies
Rendering movies/index
Completed in 114ms (View: 94, DB: 2) | 200 OK [http://localhost/movies]
  [4;35;1mSQL (0.2ms)[0m   [0mSET client_min_messages TO 'panic'[0m
  [4;36;1mSQL (0.2ms)[0m   [0;1mSET client_min_messages TO 'notice'[0m


Processing MoviesController#index (for 127.0.0.1 at 2009-12-28 12:43:21) [GET]
  [4;35;1mMovie Load (1.7ms)[0m   [0mSELECT * FROM "movies" [0m
Rendering template within layouts/movies
Rendering movies/index
Completed in 41ms (View: 21, DB: 2) | 200 OK [http://localhost/movies]
  [4;36;1mSQL (0.2ms)[0m   [0;1mSET client_min_messages TO 'panic'[0m
  [4;35;1mSQL (0.1ms)[0m   [0mSET client_min_messages TO 'notice'[0m


Processing MoviesController#index (for 127.0.0.1 at 2009-12-28 12:43:31) [GET]
  [4;36;1mMovie Load (1.7ms)[0m   [0;1mSELECT * FROM "movies" [0m
Rendering template within layouts/movies
Rendering movies/index
Completed in 41ms (View: 21, DB: 2) | 200 OK [http://localhost/movies]
  [4;35;1mSQL (0.2ms)[0m   [0mSET client_min_messages TO 'panic'[0m
  [4;36;1mSQL (0.1ms)[0m   [0;1mSET client_min_messages TO 'notice'[0m


Processing MoviesController#index (for 127.0.0.1 at 2009-12-28 12:43:36) [GET]
  Parameters: {"schema"=>"public"}
  [4;35;1mMovie Load (1.7ms)[0m   [0mSELECT * FROM "movies" [0m
Rendering template within layouts/movies
Rendering movies/index
Completed in 34ms (View: 14, DB: 2) | 200 OK [http://localhost/movies?schema=public]
  [4;36;1mSQL (0.2ms)[0m   [0;1mSET client_min_messages TO 'panic'[0m
  [4;35;1mSQL (0.2ms)[0m   [0mSET client_min_messages TO 'notice'[0m


Processing MoviesController#index (for 127.0.0.1 at 2009-12-28 12:43:37) [GET]
  Parameters: {"schema"=>"gee"}
  [4;36;1mMovie Load (1.7ms)[0m   [0;1mSELECT * FROM "movies" [0m
Rendering template within layouts/movies
Rendering movies/index
Completed in 34ms (View: 14, DB: 2) | 200 OK [http://localhost/movies?schema=gee]
  [4;35;1mSQL (0.2ms)[0m   [0mSET client_min_messages TO 'panic'[0m
  [4;36;1mSQL (0.2ms)[0m   [0;1mSET client_min_messages TO 'notice'[0m


Processing MoviesController#index (for 127.0.0.1 at 2009-12-28 12:43:43) [GET]
  Parameters: {"schema"=>"public"}
  [4;35;1mMovie Load (1.7ms)[0m   [0mSELECT * FROM "movies" [0m
Rendering template within layouts/movies
Rendering movies/index
Completed in 34ms (View: 14, DB: 2) | 200 OK [http://localhost/movies?schema=public]
  [4;36;1mSQL (0.2ms)[0m   [0;1mSET client_min_messages TO 'panic'[0m
  [4;35;1mSQL (0.2ms)[0m   [0mSET client_min_messages TO 'notice'[0m


Processing MoviesController#index (for 127.0.0.1 at 2009-12-28 12:43:45) [GET]
  Parameters: {"schema"=>"gee"}
  [4;36;1mMovie Load (1.7ms)[0m   [0;1mSELECT * FROM "movies" [0m
Rendering template within layouts/movies
Rendering movies/index
Completed in 34ms (View: 14, DB: 2) | 200 OK [http://localhost/movies?schema=gee]
  [4;35;1mSQL (0.2ms)[0m   [0mSET client_min_messages TO 'panic'[0m
  [4;36;1mSQL (0.2ms)[0m   [0;1mSET client_min_messages TO 'notice'[0m


Processing MoviesController#index (for 127.0.0.1 at 2009-12-28 12:45:17) [GET]
  Parameters: {"schema"=>"public"}
  [4;35;1mMovie Load (1.6ms)[0m   [0mSELECT * FROM "gee"."movies" [0m
Rendering template within layouts/movies
Rendering movies/index
Completed in 23ms (View: 4, DB: 2) | 200 OK [http://localhost/movies?schema=public]
  [4;36;1mSQL (0.3ms)[0m   [0;1mSET client_min_messages TO 'panic'[0m
  [4;35;1mSQL (0.2ms)[0m   [0mSET client_min_messages TO 'notice'[0m


Processing MoviesController#index (for 127.0.0.1 at 2009-12-28 12:45:19) [GET]
  Parameters: {"schema"=>"public"}
  [4;36;1mMovie Load (1.7ms)[0m   [0;1mSELECT * FROM "gee"."movies" [0m
Rendering template within layouts/movies
Rendering movies/index
Completed in 24ms (View: 4, DB: 2) | 200 OK [http://localhost/movies?schema=public]
  [4;35;1mSQL (0.2ms)[0m   [0mSET client_min_messages TO 'panic'[0m
  [4;36;1mSQL (0.2ms)[0m   [0;1mSET client_min_messages TO 'notice'[0m


Processing MoviesController#index (for 127.0.0.1 at 2009-12-28 12:45:19) [GET]
  Parameters: {"schema"=>"gee"}
  [4;35;1mMovie Load (1.7ms)[0m   [0mSELECT * FROM "gee"."movies" [0m
Rendering template within layouts/movies
Rendering movies/index
Completed in 24ms (View: 4, DB: 2) | 200 OK [http://localhost/movies?schema=gee]
  [4;36;1mSQL (0.3ms)[0m   [0;1mSET client_min_messages TO 'panic'[0m
  [4;35;1mSQL (0.2ms)[0m   [0mSET client_min_messages TO 'notice'[0m


Processing MoviesController#index (for 127.0.0.1 at 2009-12-28 12:45:31) [GET]
  Parameters: {"schema"=>"public"}
  [4;36;1mMovie Load (0.0ms)[0m   [0;1mPGError: ERROR: relation "gee.moviesy" does not exist
LINE 1: SELECT * FROM "gee"."moviesy" 
 ^
: SELECT * FROM "gee"."moviesy" [0m

ActiveRecord::StatementInvalid (PGError: ERROR:  relation "gee.moviesy" does not exist
LINE 1: SELECT * FROM "gee"."moviesy" 
                      ^
: SELECT * FROM "gee"."moviesy" ):
  app/controllers/movies_controller.rb:5:in `index'

Rendered rescues/_trace (162.6ms)
Rendered rescues/_request_and_response (0.5ms)
Rendering rescues/layout (internal_server_error)
  [4;35;1mSQL (0.2ms)[0m   [0mSET client_min_messages TO 'panic'[0m
  [4;36;1mSQL (0.1ms)[0m   [0;1mSET client_min_messages TO 'notice'[0m


Processing MoviesController#index (for 127.0.0.1 at 2009-12-28 12:45:39) [GET]
  Parameters: {"schema"=>"public"}
  [4;35;1mMovie Load (1.7ms)[0m   [0mSELECT * FROM "gee"."movies" [0m
Rendering template within layouts/movies
Rendering movies/index
Completed in 24ms (View: 4, DB: 2) | 200 OK [http://localhost/movies?schema=public]
  [4;36;1mSQL (0.2ms)[0m   [0;1mSET client_min_messages TO 'panic'[0m
  [4;35;1mSQL (0.2ms)[0m   [0mSET client_min_messages TO 'notice'[0m


Processing MoviesController#index (for 127.0.0.1 at 2009-12-28 12:45:52) [GET]
  Parameters: {"schema"=>"gee"}
  [4;36;1mMovie Load (1.6ms)[0m   [0;1mSELECT * FROM "gee"."movies" [0m
Rendering template within layouts/movies
Rendering movies/index
Completed in 24ms (View: 4, DB: 2) | 200 OK [http://localhost/movies?schema=gee]
  [4;35;1mSQL (0.2ms)[0m   [0mSET client_min_messages TO 'panic'[0m
  [4;36;1mSQL (0.2ms)[0m   [0;1mSET client_min_messages TO 'notice'[0m


Processing MoviesController#index (for 127.0.0.1 at 2009-12-28 12:45:53) [GET]
  Parameters: {"schema"=>"public"}
  [4;35;1mMovie Load (1.6ms)[0m   [0mSELECT * FROM "gee"."movies" [0m
Rendering template within layouts/movies
Rendering movies/index
Completed in 24ms (View: 4, DB: 2) | 200 OK [http://localhost/movies?schema=public]
  [4;36;1mSQL (0.2ms)[0m   [0;1mSET client_min_messages TO 'panic'[0m
  [4;35;1mSQL (0.1ms)[0m   [0mSET client_min_messages TO 'notice'[0m
/!\ FAILSAFE /!\  Mon Dec 28 12:53:23 +0100 2009
  Status: 500 Internal Server Error
  /Users/Beatle/Documents/rails-postgres-app/my_rails_app/app/controllers/application_controller.rb:8: syntax error, unexpected kEND, expecting ')'
/Users/Beatle/Documents/rails-postgres-app/my_rails_app/app/controllers/application_controller.rb:11: class definition in method body
/Users/Beatle/Documents/rails-postgres-app/my_rails_app/app/controllers/application_controller.rb:17: syntax error, unexpected $end, expecting kEND
    /usr/local/lib/ruby/gems/1.8/gems/activesupport-2.3.3/lib/active_support/dependencies.rb:380:in `load_without_new_constant_marking'
    /usr/local/lib/ruby/gems/1.8/gems/activesupport-2.3.3/lib/active_support/dependencies.rb:380:in `load_file'
    /usr/local/lib/ruby/gems/1.8/gems/activesupport-2.3.3/lib/active_support/dependencies.rb:521:in `new_constants_in'
    /usr/local/lib/ruby/gems/1.8/gems/activesupport-2.3.3/lib/active_support/dependencies.rb:379:in `load_file'
    /usr/local/lib/ruby/gems/1.8/gems/activesupport-2.3.3/lib/active_support/dependencies.rb:259:in `require_or_load'
    /usr/local/lib/ruby/gems/1.8/gems/activesupport-2.3.3/lib/active_support/dependencies.rb:425:in `load_missing_constant'
    /usr/local/lib/ruby/gems/1.8/gems/activesupport-2.3.3/lib/active_support/dependencies.rb:80:in `const_missing'
    /usr/local/lib/ruby/gems/1.8/gems/activesupport-2.3.3/lib/active_support/dependencies.rb:92:in `const_missing'
    /usr/local/lib/ruby/gems/1.8/gems/actionpack-2.3.3/lib/action_controller/dispatcher.rb:90:in `dispatch'
    /usr/local/lib/ruby/gems/1.8/gems/actionpack-2.3.3/lib/action_controller/dispatcher.rb:111:in `_call'
    /usr/local/lib/ruby/gems/1.8/gems/actionpack-2.3.3/lib/action_controller/dispatcher.rb:82:in `initialize'
    /usr/local/lib/ruby/gems/1.8/gems/activerecord-2.3.3/lib/active_record/query_cache.rb:29:in `call'
    /usr/local/lib/ruby/gems/1.8/gems/activerecord-2.3.3/lib/active_record/query_cache.rb:29:in `call'
    /usr/local/lib/ruby/gems/1.8/gems/activerecord-2.3.3/lib/active_record/connection_adapters/abstract/query_cache.rb:34:in `cache'
    /usr/local/lib/ruby/gems/1.8/gems/activerecord-2.3.3/lib/active_record/query_cache.rb:9:in `cache'
    /usr/local/lib/ruby/gems/1.8/gems/activerecord-2.3.3/lib/active_record/query_cache.rb:28:in `call'
    /usr/local/lib/ruby/gems/1.8/gems/activerecord-2.3.3/lib/active_record/connection_adapters/abstract/connection_pool.rb:361:in `call'
    /usr/local/lib/ruby/gems/1.8/gems/rack-1.0.0/lib/rack/head.rb:9:in `call'
    /usr/local/lib/ruby/gems/1.8/gems/rack-1.0.0/lib/rack/methodoverride.rb:24:in `call'
    /usr/local/lib/ruby/gems/1.8/gems/actionpack-2.3.3/lib/action_controller/params_parser.rb:15:in `call'
    /usr/local/lib/ruby/gems/1.8/gems/actionpack-2.3.3/lib/action_controller/session/cookie_store.rb:93:in `call'
    /usr/local/lib/ruby/gems/1.8/gems/actionpack-2.3.3/lib/action_controller/reloader.rb:29:in `call'
    /usr/local/lib/ruby/gems/1.8/gems/actionpack-2.3.3/lib/action_controller/failsafe.rb:26:in `call'
    /usr/local/lib/ruby/gems/1.8/gems/rack-1.0.0/lib/rack/lock.rb:11:in `call'
    /usr/local/lib/ruby/gems/1.8/gems/rack-1.0.0/lib/rack/lock.rb:11:in `synchronize'
    /usr/local/lib/ruby/gems/1.8/gems/rack-1.0.0/lib/rack/lock.rb:11:in `call'
    /usr/local/lib/ruby/gems/1.8/gems/actionpack-2.3.3/lib/action_controller/dispatcher.rb:106:in `call'
    /usr/local/lib/ruby/gems/1.8/gems/rails-2.3.3/lib/rails/rack/static.rb:31:in `call'
    /usr/local/lib/ruby/gems/1.8/gems/rack-1.0.0/lib/rack/urlmap.rb:46:in `call'
    /usr/local/lib/ruby/gems/1.8/gems/rack-1.0.0/lib/rack/urlmap.rb:40:in `each'
    /usr/local/lib/ruby/gems/1.8/gems/rack-1.0.0/lib/rack/urlmap.rb:40:in `call'
    /usr/local/lib/ruby/gems/1.8/gems/rails-2.3.3/lib/rails/rack/log_tailer.rb:17:in `call'
    /usr/local/lib/ruby/gems/1.8/gems/rack-1.0.0/lib/rack/content_length.rb:13:in `call'
    /usr/local/lib/ruby/gems/1.8/gems/rack-1.0.0/lib/rack/chunked.rb:15:in `call'
    /usr/local/lib/ruby/gems/1.8/gems/rack-1.0.0/lib/rack/handler/mongrel.rb:61:in `process'
    /usr/local/lib/ruby/gems/1.8/gems/mongrel-1.1.5/lib/mongrel.rb:159:in `process_client'
    /usr/local/lib/ruby/gems/1.8/gems/mongrel-1.1.5/lib/mongrel.rb:158:in `each'
    /usr/local/lib/ruby/gems/1.8/gems/mongrel-1.1.5/lib/mongrel.rb:158:in `process_client'
    /usr/local/lib/ruby/gems/1.8/gems/mongrel-1.1.5/lib/mongrel.rb:285:in `run'
    /usr/local/lib/ruby/gems/1.8/gems/mongrel-1.1.5/lib/mongrel.rb:285:in `initialize'
    /usr/local/lib/ruby/gems/1.8/gems/mongrel-1.1.5/lib/mongrel.rb:285:in `new'
    /usr/local/lib/ruby/gems/1.8/gems/mongrel-1.1.5/lib/mongrel.rb:285:in `run'
    /usr/local/lib/ruby/gems/1.8/gems/mongrel-1.1.5/lib/mongrel.rb:268:in `initialize'
    /usr/local/lib/ruby/gems/1.8/gems/mongrel-1.1.5/lib/mongrel.rb:268:in `new'
    /usr/local/lib/ruby/gems/1.8/gems/mongrel-1.1.5/lib/mongrel.rb:268:in `run'
    /usr/local/lib/ruby/gems/1.8/gems/rack-1.0.0/lib/rack/handler/mongrel.rb:34:in `run'
    /usr/local/lib/ruby/gems/1.8/gems/rails-2.3.3/lib/commands/server.rb:111
    /usr/local/lib/ruby/site_ruby/1.8/rubygems/custom_require.rb:31:in `gem_original_require'
    /usr/local/lib/ruby/site_ruby/1.8/rubygems/custom_require.rb:31:in `require'
    script/server:3


Processing MoviesController#index (for 127.0.0.1 at 2009-12-28 12:53:44) [GET]
  [4;36;1mMovie Load (1.7ms)[0m   [0;1mSELECT * FROM "gee"."movies" [0m
Rendering template within layouts/movies
Rendering movies/index
Completed in 24ms (View: 4, DB: 2) | 200 OK [http://localhost/movies]
  [4;35;1mSQL (0.2ms)[0m   [0mSET client_min_messages TO 'panic'[0m
  [4;36;1mSQL (0.2ms)[0m   [0;1mSET client_min_messages TO 'notice'[0m


Processing MoviesController#index (for 127.0.0.1 at 2009-12-28 12:53:47) [GET]
  Parameters: {"schema"=>"public"}
  [4;35;1mMovie Load (1.6ms)[0m   [0mSELECT * FROM "gee"."movies" [0m
Rendering template within layouts/movies
Rendering movies/index
Completed in 23ms (View: 4, DB: 2) | 200 OK [http://localhost/movies?schema=public]
  [4;36;1mSQL (0.2ms)[0m   [0;1mSET client_min_messages TO 'panic'[0m
  [4;35;1mSQL (0.1ms)[0m   [0mSET client_min_messages TO 'notice'[0m


Processing MoviesController#index (for 127.0.0.1 at 2009-12-28 12:54:04) [GET]
  Parameters: {"schema"=>"public"}
  [4;36;1mMovie Load (1.6ms)[0m   [0;1mSELECT * FROM "gee"."movies" [0m
Rendering template within layouts/movies
Rendering movies/index
Completed in 23ms (View: 4, DB: 2) | 200 OK [http://localhost/movies?schema=public]
  [4;35;1mSQL (0.2ms)[0m   [0mSET client_min_messages TO 'panic'[0m
  [4;36;1mSQL (0.2ms)[0m   [0;1mSET client_min_messages TO 'notice'[0m


Processing MoviesController#index (for 127.0.0.1 at 2009-12-28 12:54:42) [GET]
  Parameters: {"schema"=>"public"}
  [4;35;1mMovie Load (1.7ms)[0m   [0mSELECT * FROM "gee"."movies" [0m
Rendering template within layouts/movies
Rendering movies/index
Completed in 23ms (View: 4, DB: 2) | 200 OK [http://localhost/movies?schema=public]
  [4;36;1mSQL (0.2ms)[0m   [0;1mSET client_min_messages TO 'panic'[0m
  [4;35;1mSQL (0.2ms)[0m   [0mSET client_min_messages TO 'notice'[0m


Processing MoviesController#index (for 127.0.0.1 at 2009-12-28 12:54:44) [GET]
  Parameters: {"schema"=>"gee"}
  [4;36;1mMovie Load (1.6ms)[0m   [0;1mSELECT * FROM "gee"."movies" [0m
Rendering template within layouts/movies
Rendering movies/index
Completed in 23ms (View: 4, DB: 2) | 200 OK [http://localhost/movies?schema=gee]
  [4;35;1mSQL (0.3ms)[0m   [0mSET client_min_messages TO 'panic'[0m
  [4;36;1mSQL (0.2ms)[0m   [0;1mSET client_min_messages TO 'notice'[0m


Processing MoviesController#index (for 127.0.0.1 at 2009-12-28 12:55:44) [GET]
  Parameters: {"schema"=>"public"}
  [4;35;1mSQL (0.2ms)[0m   [0mSET search_path TO public, "$user",public[0m
  [4;36;1mMovie Load (1.5ms)[0m   [0;1mSELECT * FROM "gee"."movies" [0m
Rendering template within layouts/movies
Rendering movies/index
Completed in 24ms (View: 4, DB: 2) | 200 OK [http://localhost/movies?schema=public]
  [4;35;1mSQL (0.2ms)[0m   [0mSET client_min_messages TO 'panic'[0m
  [4;36;1mSQL (0.2ms)[0m   [0;1mSET client_min_messages TO 'notice'[0m


Processing MoviesController#index (for 127.0.0.1 at 2009-12-28 12:55:52) [GET]
  Parameters: {"schema"=>"gee"}
  [4;35;1mSQL (0.2ms)[0m   [0mSET search_path TO gee, "$user",public[0m
  [4;36;1mMovie Load (1.5ms)[0m   [0;1mSELECT * FROM "gee"."movies" [0m
Rendering template within layouts/movies
Rendering movies/index
Completed in 25ms (View: 4, DB: 2) | 200 OK [http://localhost/movies?schema=gee]
  [4;35;1mSQL (0.2ms)[0m   [0mSET client_min_messages TO 'panic'[0m
  [4;36;1mSQL (0.1ms)[0m   [0;1mSET client_min_messages TO 'notice'[0m


Processing MoviesController#index (for 127.0.0.1 at 2009-12-28 12:55:56) [GET]
  Parameters: {"schema"=>"public"}
  [4;35;1mSQL (0.2ms)[0m   [0mSET search_path TO public, "$user",public[0m
  [4;36;1mMovie Load (1.5ms)[0m   [0;1mSELECT * FROM "gee"."movies" [0m
Rendering template within layouts/movies
Rendering movies/index
Completed in 25ms (View: 4, DB: 2) | 200 OK [http://localhost/movies?schema=public]
  [4;35;1mSQL (0.2ms)[0m   [0mSET client_min_messages TO 'panic'[0m
  [4;36;1mSQL (0.2ms)[0m   [0;1mSET client_min_messages TO 'notice'[0m


Processing MoviesController#index (for 127.0.0.1 at 2009-12-28 12:56:22) [GET]
  Parameters: {"schema"=>"gee"}
  [4;35;1mSQL (0.2ms)[0m   [0mSET search_path TO gee, "$user",public[0m
  [4;36;1mMovie Load (1.5ms)[0m   [0;1mSELECT * FROM "movies" [0m
Rendering template within layouts/movies
Rendering movies/index
Completed in 25ms (View: 4, DB: 2) | 200 OK [http://localhost/movies?schema=gee]
  [4;35;1mSQL (0.2ms)[0m   [0mSET client_min_messages TO 'panic'[0m
  [4;36;1mSQL (0.2ms)[0m   [0;1mSET client_min_messages TO 'notice'[0m


Processing MoviesController#index (for 127.0.0.1 at 2009-12-28 12:56:24) [GET]
  Parameters: {"schema"=>"public"}
  [4;35;1mSQL (0.2ms)[0m   [0mSET search_path TO public, "$user",public[0m
  [4;36;1mMovie Load (1.6ms)[0m   [0;1mSELECT * FROM "movies" [0m
Rendering template within layouts/movies
Rendering movies/index
Completed in 36ms (View: 15, DB: 2) | 200 OK [http://localhost/movies?schema=public]
  [4;35;1mSQL (0.2ms)[0m   [0mSET client_min_messages TO 'panic'[0m
  [4;36;1mSQL (0.1ms)[0m   [0;1mSET client_min_messages TO 'notice'[0m


Processing MoviesController#index (for 127.0.0.1 at 2009-12-28 12:56:26) [GET]
  Parameters: {"schema"=>"gee"}
  [4;35;1mSQL (0.2ms)[0m   [0mSET search_path TO gee, "$user",public[0m
  [4;36;1mMovie Load (1.6ms)[0m   [0;1mSELECT * FROM "movies" [0m
Rendering template within layouts/movies
Rendering movies/index
Completed in 25ms (View: 4, DB: 2) | 200 OK [http://localhost/movies?schema=gee]
  [4;35;1mSQL (0.2ms)[0m   [0mSET client_min_messages TO 'panic'[0m
  [4;36;1mSQL (0.2ms)[0m   [0;1mSET client_min_messages TO 'notice'[0m


Processing MoviesController#new (for 127.0.0.1 at 2009-12-28 12:57:03) [GET]
Rendering template within layouts/movies
Rendering movies/new
Completed in 31ms (View: 7, DB: 0) | 200 OK [http://localhost/movies/new]
  [4;35;1mSQL (0.2ms)[0m   [0mSET client_min_messages TO 'panic'[0m
  [4;36;1mSQL (0.1ms)[0m   [0;1mSET client_min_messages TO 'notice'[0m


Processing MoviesController#create (for 127.0.0.1 at 2009-12-28 12:57:11) [POST]
  Parameters: {"commit"=>"Create", "authenticity_token"=>"kPZPmLnZuFRVNjJOswadDgamMrB9B3/qw7zOaQZpySg=", "movie"=>{"title"=>"300"}}
  [4;35;1mSQL (0.1ms)[0m   [0mBEGIN[0m
  [4;36;1mSQL (0.8ms)[0m   [0;1mINSERT INTO "movies" ("created_at", "title", "updated_at") VALUES('2009-12-28 11:57:11.840568', E'300', '2009-12-28 11:57:11.840568') RETURNING "id"[0m
  [4;35;1mSQL (1.3ms)[0m   [0mCOMMIT[0m
Redirected to http://localhost:3000/movies/2
Completed in 40ms (DB: 3) | 302 Found [http://localhost/movies]
  [4;36;1mSQL (0.1ms)[0m   [0;1mSET client_min_messages TO 'panic'[0m
  [4;35;1mSQL (0.1ms)[0m   [0mSET client_min_messages TO 'notice'[0m


Processing MoviesController#show (for 127.0.0.1 at 2009-12-28 12:57:11) [GET]
  Parameters: {"id"=>"2"}
  [4;36;1mMovie Load (0.7ms)[0m   [0;1mSELECT * FROM "movies" WHERE ("movies"."id" = 2) [0m
Rendering template within layouts/movies
Rendering movies/show
Completed in 31ms (View: 5, DB: 1) | 200 OK [http://localhost/movies/2]
  [4;35;1mSQL (0.2ms)[0m   [0mSET client_min_messages TO 'panic'[0m
  [4;36;1mSQL (0.2ms)[0m   [0;1mSET client_min_messages TO 'notice'[0m


Processing MoviesController#index (for 127.0.0.1 at 2009-12-28 12:57:13) [GET]
  [4;35;1mMovie Load (1.8ms)[0m   [0mSELECT * FROM "movies" [0m
Rendering template within layouts/movies
Rendering movies/index
Completed in 37ms (View: 17, DB: 2) | 200 OK [http://localhost/movies]
  [4;36;1mSQL (0.2ms)[0m   [0;1mSET client_min_messages TO 'panic'[0m
  [4;35;1mSQL (0.2ms)[0m   [0mSET client_min_messages TO 'notice'[0m


Processing MoviesController#index (for 127.0.0.1 at 2009-12-28 12:57:19) [GET]
  Parameters: {"schema"=>"gee"}
  [4;36;1mSQL (0.2ms)[0m   [0;1mSET search_path TO gee, "$user",public[0m
  [4;35;1mMovie Load (1.5ms)[0m   [0mSELECT * FROM "movies" [0m
Rendering template within layouts/movies
Rendering movies/index
Completed in 25ms (View: 4, DB: 2) | 200 OK [http://localhost/movies?schema=gee]
  [4;36;1mSQL (0.2ms)[0m   [0;1mSET client_min_messages TO 'panic'[0m
  [4;35;1mSQL (0.2ms)[0m   [0mSET client_min_messages TO 'notice'[0m


Processing MoviesController#index (for 127.0.0.1 at 2009-12-28 12:57:26) [GET]
  Parameters: {"schema"=>"public"}
  [4;36;1mSQL (0.2ms)[0m   [0;1mSET search_path TO public, "$user",public[0m
  [4;35;1mMovie Load (1.6ms)[0m   [0mSELECT * FROM "movies" [0m
Rendering template within layouts/movies
Rendering movies/index
Completed in 39ms (View: 18, DB: 2) | 200 OK [http://localhost/movies?schema=public]
  [4;36;1mSQL (0.2ms)[0m   [0;1mSET client_min_messages TO 'panic'[0m
  [4;35;1mSQL (0.1ms)[0m   [0mSET client_min_messages TO 'notice'[0m


Processing MoviesController#index (for 127.0.0.1 at 2009-12-28 12:57:28) [GET]
  Parameters: {"schema"=>"gee"}
  [4;36;1mSQL (0.2ms)[0m   [0;1mSET search_path TO gee, "$user",public[0m
  [4;35;1mMovie Load (1.6ms)[0m   [0mSELECT * FROM "movies" [0m
Rendering template within layouts/movies
Rendering movies/index
Completed in 25ms (View: 4, DB: 2) | 200 OK [http://localhost/movies?schema=gee]
  [4;36;1mSQL (0.3ms)[0m   [0;1mSET client_min_messages TO 'panic'[0m
  [4;35;1mSQL (0.2ms)[0m   [0mSET client_min_messages TO 'notice'[0m


Processing MoviesController#new (for 127.0.0.1 at 2009-12-28 12:57:40) [GET]
Rendering template within layouts/movies
Rendering movies/new
Completed in 31ms (View: 7, DB: 0) | 200 OK [http://localhost/movies/new]
  [4;36;1mSQL (0.3ms)[0m   [0;1mSET client_min_messages TO 'panic'[0m
  [4;35;1mSQL (0.2ms)[0m   [0mSET client_min_messages TO 'notice'[0m


Processing MoviesController#create (for 127.0.0.1 at 2009-12-28 12:58:00) [POST]
  Parameters: {"commit"=>"Create", "authenticity_token"=>"kPZPmLnZuFRVNjJOswadDgamMrB9B3/qw7zOaQZpySg=", "movie"=>{"title"=>"Komt een vrouw bij de dokter"}}
  [4;36;1mSQL (0.1ms)[0m   [0;1mBEGIN[0m
  [4;35;1mSQL (0.8ms)[0m   [0mINSERT INTO "movies" ("created_at", "title", "updated_at") VALUES('2009-12-28 11:58:00.217848', E'Komt een vrouw bij de dokter', '2009-12-28 11:58:00.217848') RETURNING "id"[0m
  [4;36;1mSQL (1.6ms)[0m   [0;1mCOMMIT[0m
Redirected to http://localhost:3000/movies/3
Completed in 41ms (DB: 3) | 302 Found [http://localhost/movies]
  [4;35;1mSQL (0.2ms)[0m   [0mSET client_min_messages TO 'panic'[0m
  [4;36;1mSQL (0.1ms)[0m   [0;1mSET client_min_messages TO 'notice'[0m


Processing MoviesController#show (for 127.0.0.1 at 2009-12-28 12:58:00) [GET]
  Parameters: {"id"=>"3"}
  [4;35;1mMovie Load (0.7ms)[0m   [0mSELECT * FROM "movies" WHERE ("movies"."id" = 3) [0m
Rendering template within layouts/movies
Rendering movies/show
Completed in 32ms (View: 5, DB: 1) | 200 OK [http://localhost/movies/3]
  [4;36;1mSQL (0.3ms)[0m   [0;1mSET client_min_messages TO 'panic'[0m
  [4;35;1mSQL (0.2ms)[0m   [0mSET client_min_messages TO 'notice'[0m


Processing MoviesController#index (for 127.0.0.1 at 2009-12-28 12:58:03) [GET]
  [4;36;1mMovie Load (1.7ms)[0m   [0;1mSELECT * FROM "movies" [0m
Rendering template within layouts/movies
Rendering movies/index
Completed in 39ms (View: 19, DB: 2) | 200 OK [http://localhost/movies]
  [4;35;1mSQL (0.2ms)[0m   [0mSET client_min_messages TO 'panic'[0m
  [4;36;1mSQL (0.1ms)[0m   [0;1mSET client_min_messages TO 'notice'[0m


Processing MoviesController#index (for 127.0.0.1 at 2009-12-28 13:02:37) [GET]
  [4;35;1mMovie Load (1.8ms)[0m   [0mSELECT * FROM "movies" [0m
Rendering template within layouts/movies
Rendering movies/index
Completed in 39ms (View: 18, DB: 2) | 200 OK [http://localhost/movies]
  [4;36;1mSQL (0.2ms)[0m   [0;1mSET client_min_messages TO 'panic'[0m
  [4;35;1mSQL (0.2ms)[0m   [0mSET client_min_messages TO 'notice'[0m


Processing MoviesController#index (for 127.0.0.1 at 2009-12-28 13:02:40) [GET]
  Parameters: {"schema"=>"gee"}
  [4;36;1mSQL (0.3ms)[0m   [0;1mSET search_path TO gee, "$user",public[0m
  [4;35;1mMovie Load (1.5ms)[0m   [0mSELECT * FROM "movies" [0m
Rendering template within layouts/movies
Rendering movies/index
Completed in 25ms (View: 3, DB: 2) | 200 OK [http://localhost/movies?schema=gee]
  [4;36;1mSQL (0.2ms)[0m   [0;1mSET client_min_messages TO 'panic'[0m
  [4;35;1mSQL (0.2ms)[0m   [0mSET client_min_messages TO 'notice'[0m


Processing MoviesController#index (for 127.0.0.1 at 2009-12-28 13:02:41) [GET]
  Parameters: {"schema"=>"public"}
  [4;36;1mSQL (0.2ms)[0m   [0;1mSET search_path TO public, "$user",public[0m
  [4;35;1mMovie Load (1.7ms)[0m   [0mSELECT * FROM "movies" [0m
Rendering template within layouts/movies
Rendering movies/index
Completed in 42ms (View: 20, DB: 2) | 200 OK [http://localhost/movies?schema=public]
  [4;36;1mSQL (0.2ms)[0m   [0;1mSET client_min_messages TO 'panic'[0m
  [4;35;1mSQL (78.2ms)[0m   [0mSET client_min_messages TO 'notice'[0m


Processing MoviesController#index (for 127.0.0.1 at 2009-12-28 13:02:44) [GET]
  Parameters: {"schema"=>"gee"}
  [4;36;1mSQL (0.2ms)[0m   [0;1mSET search_path TO gee, "$user",public[0m
  [4;35;1mMovie Load (1.6ms)[0m   [0mSELECT * FROM "movies" [0m
Rendering template within layouts/movies
Rendering movies/index
Completed in 25ms (View: 4, DB: 80) | 200 OK [http://localhost/movies?schema=gee]
  [4;36;1mSQL (0.2ms)[0m   [0;1mSET client_min_messages TO 'panic'[0m
  [4;35;1mSQL (0.2ms)[0m   [0mSET client_min_messages TO 'notice'[0m


Processing MoviesController#new (for 127.0.0.1 at 2009-12-28 13:02:46) [GET]
Rendering template within layouts/movies
Rendering movies/new
Completed in 31ms (View: 7, DB: 0) | 200 OK [http://localhost/movies/new]
  [4;36;1mSQL (0.2ms)[0m   [0;1mSET client_min_messages TO 'panic'[0m
  [4;35;1mSQL (0.1ms)[0m   [0mSET client_min_messages TO 'notice'[0m


Processing MoviesController#create (for 127.0.0.1 at 2009-12-28 13:02:58) [POST]
  Parameters: {"commit"=>"Create", "authenticity_token"=>"kPZPmLnZuFRVNjJOswadDgamMrB9B3/qw7zOaQZpySg=", "movie"=>{"title"=>"Das boot"}}
  [4;36;1mSQL (0.1ms)[0m   [0;1mBEGIN[0m
  [4;35;1mSQL (0.8ms)[0m   [0mINSERT INTO "movies" ("created_at", "title", "updated_at") VALUES('2009-12-28 12:02:58.371410', E'Das boot', '2009-12-28 12:02:58.371410') RETURNING "id"[0m
  [4;36;1mSQL (1.3ms)[0m   [0;1mCOMMIT[0m
Redirected to http://localhost:3000/movies/4
Completed in 41ms (DB: 3) | 302 Found [http://localhost/movies]
  [4;35;1mSQL (0.2ms)[0m   [0mSET client_min_messages TO 'panic'[0m
  [4;36;1mSQL (0.1ms)[0m   [0;1mSET client_min_messages TO 'notice'[0m


Processing MoviesController#show (for 127.0.0.1 at 2009-12-28 13:02:58) [GET]
  Parameters: {"id"=>"4"}
  [4;35;1mMovie Load (0.7ms)[0m   [0mSELECT * FROM "movies" WHERE ("movies"."id" = 4) [0m
Rendering template within layouts/movies
Rendering movies/show
Completed in 31ms (View: 5, DB: 1) | 200 OK [http://localhost/movies/4]
  [4;36;1mSQL (0.2ms)[0m   [0;1mSET client_min_messages TO 'panic'[0m
  [4;35;1mSQL (0.2ms)[0m   [0mSET client_min_messages TO 'notice'[0m


Processing MoviesController#index (for 127.0.0.1 at 2009-12-28 13:03:00) [GET]
  [4;36;1mMovie Load (1.7ms)[0m   [0;1mSELECT * FROM "movies" [0m
Rendering template within layouts/movies
Rendering movies/index
Completed in 42ms (View: 21, DB: 2) | 200 OK [http://localhost/movies]
  [4;35;1mSQL (0.2ms)[0m   [0mSET client_min_messages TO 'panic'[0m
  [4;36;1mSQL (0.2ms)[0m   [0;1mSET client_min_messages TO 'notice'[0m


Processing MoviesController#index (for 127.0.0.1 at 2009-12-28 13:04:16) [GET]
  Parameters: {"schema"=>"gee"}
  [4;35;1mSQL (0.2ms)[0m   [0mSET search_path TO gee, "$user",public[0m
  [4;36;1mMovie Load (1.6ms)[0m   [0;1mSELECT * FROM "movies" [0m
Rendering template within layouts/movies
Rendering movies/index
Completed in 25ms (View: 3, DB: 2) | 200 OK [http://localhost/movies?schema=gee]
  [4;35;1mSQL (0.2ms)[0m   [0mSET client_min_messages TO 'panic'[0m
  [4;36;1mSQL (0.1ms)[0m   [0;1mSET client_min_messages TO 'notice'[0m


Processing MoviesController#index (for 127.0.0.1 at 2009-12-28 13:04:18) [GET]
  Parameters: {"schema"=>"public"}
  [4;35;1mSQL (0.2ms)[0m   [0mSET search_path TO public, "$user",public[0m
  [4;36;1mMovie Load (1.7ms)[0m   [0;1mSELECT * FROM "movies" [0m
Rendering template within layouts/movies
Rendering movies/index
Completed in 45ms (View: 23, DB: 2) | 200 OK [http://localhost/movies?schema=public]
  [4;35;1mSQL (0.3ms)[0m   [0mSET client_min_messages TO 'panic'[0m
  [4;36;1mSQL (0.2ms)[0m   [0;1mSET client_min_messages TO 'notice'[0m


Processing MoviesController#index (for 127.0.0.1 at 2009-12-28 13:04:19) [GET]
  Parameters: {"schema"=>"gee"}
  [4;35;1mSQL (0.2ms)[0m   [0mSET search_path TO gee, "$user",public[0m
  [4;36;1mMovie Load (1.6ms)[0m   [0;1mSELECT * FROM "movies" [0m
Rendering template within layouts/movies
Rendering movies/index
Completed in 25ms (View: 3, DB: 2) | 200 OK [http://localhost/movies?schema=gee]
  [4;35;1mSQL (0.2ms)[0m   [0mSET client_min_messages TO 'panic'[0m
  [4;36;1mSQL (0.2ms)[0m   [0;1mSET client_min_messages TO 'notice'[0m


Processing MoviesController#new (for 127.0.0.1 at 2009-12-28 13:04:20) [GET]
  [4;35;1mSQL (0.2ms)[0m   [0mSET search_path TO gee, "$user",public[0m
Rendering template within layouts/movies
Rendering movies/new
Completed in 33ms (View: 7, DB: 1) | 200 OK [http://localhost/movies/new]
  [4;36;1mSQL (0.2ms)[0m   [0;1mSET client_min_messages TO 'panic'[0m
  [4;35;1mSQL (0.1ms)[0m   [0mSET client_min_messages TO 'notice'[0m


Processing MoviesController#create (for 127.0.0.1 at 2009-12-28 13:04:28) [POST]
  Parameters: {"commit"=>"Create", "authenticity_token"=>"kPZPmLnZuFRVNjJOswadDgamMrB9B3/qw7zOaQZpySg=", "movie"=>{"title"=>"Titanic"}}
  [4;36;1mSQL (0.2ms)[0m   [0;1mSET search_path TO gee, "$user",public[0m
  [4;35;1mSQL (0.1ms)[0m   [0mBEGIN[0m
  [4;36;1mSQL (1.1ms)[0m   [0;1mINSERT INTO "movies" ("created_at", "title", "updated_at") VALUES('2009-12-28 12:04:28.786072', E'Titanic', '2009-12-28 12:04:28.786072') RETURNING "id"[0m
  [4;35;1mSQL (0.7ms)[0m   [0mCOMMIT[0m
Redirected to http://localhost:3000/movies/5
Completed in 43ms (DB: 2) | 302 Found [http://localhost/movies]
  [4;36;1mSQL (0.2ms)[0m   [0;1mSET client_min_messages TO 'panic'[0m
  [4;35;1mSQL (0.1ms)[0m   [0mSET client_min_messages TO 'notice'[0m


Processing MoviesController#show (for 127.0.0.1 at 2009-12-28 13:04:28) [GET]
  Parameters: {"id"=>"5"}
  [4;36;1mSQL (0.2ms)[0m   [0;1mSET search_path TO gee, "$user",public[0m
  [4;35;1mMovie Load (0.7ms)[0m   [0mSELECT * FROM "movies" WHERE ("movies"."id" = 5) [0m
Rendering template within layouts/movies
Rendering movies/show
Completed in 32ms (View: 5, DB: 1) | 200 OK [http://localhost/movies/5]
  [4;36;1mSQL (0.2ms)[0m   [0;1mSET client_min_messages TO 'panic'[0m
  [4;35;1mSQL (0.2ms)[0m   [0mSET client_min_messages TO 'notice'[0m


Processing MoviesController#index (for 127.0.0.1 at 2009-12-28 13:04:30) [GET]
  [4;36;1mSQL (0.2ms)[0m   [0;1mSET search_path TO gee, "$user",public[0m
  [4;35;1mMovie Load (1.6ms)[0m   [0mSELECT * FROM "movies" [0m
Rendering template within layouts/movies
Rendering movies/index
Completed in 35ms (View: 13, DB: 2) | 200 OK [http://localhost/movies]
  [4;36;1mSQL (0.2ms)[0m   [0;1mSET client_min_messages TO 'panic'[0m
  [4;35;1mSQL (0.2ms)[0m   [0mSET client_min_messages TO 'notice'[0m


Processing MoviesController#index (for 127.0.0.1 at 2009-12-28 13:04:33) [GET]
  Parameters: {"schema"=>"public"}
  [4;36;1mSQL (0.2ms)[0m   [0;1mSET search_path TO public, "$user",public[0m
  [4;35;1mMovie Load (1.7ms)[0m   [0mSELECT * FROM "movies" [0m
Rendering template within layouts/movies
Rendering movies/index
Completed in 44ms (View: 22, DB: 2) | 200 OK [http://localhost/movies?schema=public]
  [4;36;1mSQL (0.3ms)[0m   [0;1mSET client_min_messages TO 'panic'[0m
  [4;35;1mSQL (0.2ms)[0m   [0mSET client_min_messages TO 'notice'[0m


Processing MoviesController#index (for 127.0.0.1 at 2009-12-28 13:04:34) [GET]
  Parameters: {"schema"=>"public"}
  [4;36;1mSQL (0.2ms)[0m   [0;1mSET search_path TO public, "$user",public[0m
  [4;35;1mMovie Load (1.6ms)[0m   [0mSELECT * FROM "movies" [0m
Rendering template within layouts/movies
Rendering movies/index
Completed in 120ms (View: 98, DB: 2) | 200 OK [http://localhost/movies?schema=public]
  [4;36;1mSQL (0.6ms)[0m   [0;1mSET client_min_messages TO 'panic'[0m
  [4;35;1mSQL (0.1ms)[0m   [0mSET client_min_messages TO 'notice'[0m


Processing MoviesController#index (for 127.0.0.1 at 2009-12-28 13:04:36) [GET]
  Parameters: {"schema"=>"gee"}
  [4;36;1mSQL (0.2ms)[0m   [0;1mSET search_path TO gee, "$user",public[0m
  [4;35;1mMovie Load (1.6ms)[0m   [0mSELECT * FROM "movies" [0m
Rendering template within layouts/movies
Rendering movies/index
Completed in 37ms (View: 15, DB: 3) | 200 OK [http://localhost/movies?schema=gee]
  [4;36;1mSQL (0.3ms)[0m   [0;1mSET client_min_messages TO 'panic'[0m
  [4;35;1mSQL (0.2ms)[0m   [0mSET client_min_messages TO 'notice'[0m


Processing MoviesController#index (for 127.0.0.1 at 2009-12-28 13:04:40) [GET]
  Parameters: {"schema"=>"public"}
  [4;36;1mSQL (0.2ms)[0m   [0;1mSET search_path TO public, "$user",public[0m
  [4;35;1mMovie Load (1.7ms)[0m   [0mSELECT * FROM "movies" [0m
Rendering template within layouts/movies
Rendering movies/index
Completed in 46ms (View: 23, DB: 2) | 200 OK [http://localhost/movies?schema=public]
  [4;36;1mSQL (0.3ms)[0m   [0;1mSET client_min_messages TO 'panic'[0m
  [4;35;1mSQL (0.2ms)[0m   [0mSET client_min_messages TO 'notice'[0m


Processing MoviesController#index (for 127.0.0.1 at 2009-12-28 13:04:43) [GET]
  Parameters: {"schema"=>"gee"}
  [4;36;1mSQL (0.2ms)[0m   [0;1mSET search_path TO gee, "$user",public[0m
  [4;35;1mMovie Load (1.7ms)[0m   [0mSELECT * FROM "movies" [0m
Rendering template within layouts/movies
Rendering movies/index
Completed in 37ms (View: 15, DB: 2) | 200 OK [http://localhost/movies?schema=gee]
  [4;36;1mSQL (0.2ms)[0m   [0;1mSET client_min_messages TO 'panic'[0m
  [4;35;1mSQL (0.2ms)[0m   [0mSET client_min_messages TO 'notice'[0m


Processing MoviesController#index (for 127.0.0.1 at 2009-12-28 13:04:45) [GET]
  Parameters: {"schema"=>"public"}
  [4;36;1mSQL (0.2ms)[0m   [0;1mSET search_path TO public, "$user",public[0m
  [4;35;1mMovie Load (1.7ms)[0m   [0mSELECT * FROM "movies" [0m
Rendering template within layouts/movies
Rendering movies/index
Completed in 47ms (View: 24, DB: 2) | 200 OK [http://localhost/movies?schema=public]
  [4;36;1mSQL (0.3ms)[0m   [0;1mSET client_min_messages TO 'panic'[0m
  [4;35;1mSQL (0.2ms)[0m   [0mSET client_min_messages TO 'notice'[0m


Processing MoviesController#index (for 127.0.0.1 at 2009-12-28 13:04:50) [GET]
  Parameters: {"schema"=>"gee"}
  [4;36;1mSQL (0.2ms)[0m   [0;1mSET search_path TO gee, "$user",public[0m
  [4;35;1mMovie Load (1.6ms)[0m   [0mSELECT * FROM "movies" [0m
Rendering template within layouts/movies
Rendering movies/index
Completed in 37ms (View: 15, DB: 2) | 200 OK [http://localhost/movies?schema=gee]
  [4;36;1mSQL (0.2ms)[0m   [0;1mSET client_min_messages TO 'panic'[0m
  [4;35;1mSQL (0.1ms)[0m   [0mSET client_min_messages TO 'notice'[0m
  [4;36;1mSQL (0.5ms)[0m   [0;1mSELECT version FROM schema_migrations[0m
  [4;36;1mSQL (0.2ms)[0m   [0;1mSET client_min_messages TO 'panic'[0m
  [4;35;1mSQL (0.2ms)[0m   [0mSET client_min_messages TO 'notice'[0m
  [4;36;1mSQL (0.3ms)[0m   [0;1mSET search_path TO public[0m
  [4;36;1mSQL (0.2ms)[0m   [0;1mSET client_min_messages TO 'panic'[0m
  [4;35;1mSQL (0.2ms)[0m   [0mSET client_min_messages TO 'notice'[0m
  [4;36;1mSQL (0.3ms)[0m   [0;1mSET search_path TO public[0m
  [4;35;1mSQL (1.0ms)[0m   [0mSELECT version FROM schema_migrations[0m
Migrating to CreateMovies (20091228111418)
Migrating to CreateTest (20091228141334)
  [4;36;1mSQL (0.2ms)[0m   [0;1mBEGIN[0m
  [4;35;1mSQL (55.3ms)[0m   [0mCREATE TABLE "songs" ("id" serial primary key, "title" character varying(255), "created_at" timestamp, "updated_at" timestamp) [0m
  [4;36;1mSQL (0.5ms)[0m   [0;1mINSERT INTO schema_migrations (version) VALUES ('20091228141334')[0m
  [4;35;1mSQL (0.9ms)[0m   [0mCOMMIT[0m
  [4;36;1mSQL (0.2ms)[0m   [0;1mSELECT version FROM schema_migrations[0m
  [4;36;1mSQL (0.2ms)[0m   [0;1mSET client_min_messages TO 'panic'[0m
  [4;35;1mSQL (0.1ms)[0m   [0mSET client_min_messages TO 'notice'[0m
  [4;36;1mSQL (0.2ms)[0m   [0;1mSET search_path TO gee[0m
  [4;35;1mSQL (4.5ms)[0m   [0mCREATE TABLE "schema_migrations" ("version" character varying(255) NOT NULL) [0m
  [4;36;1mSQL (3.2ms)[0m   [0;1mCREATE UNIQUE INDEX "unique_schema_migrations" ON "schema_migrations" ("version")[0m
  [4;35;1mSQL (0.4ms)[0m   [0mSELECT version FROM schema_migrations[0m
Migrating to CreateMovies (20091228111418)
  [4;36;1mSQL (0.1ms)[0m   [0;1mBEGIN[0m
  [4;35;1mSQL (0.0ms)[0m   [0mPGError: ERROR: relation "movies" already exists
: CREATE TABLE "movies" ("id" serial primary key, "title" character varying(255), "created_at" timestamp, "updated_at" timestamp) [0m
  [4;36;1mSQL (0.1ms)[0m   [0;1mROLLBACK[0m
  [4;36;1mSQL (0.2ms)[0m   [0;1mSET client_min_messages TO 'panic'[0m
  [4;35;1mSQL (0.1ms)[0m   [0mSET client_min_messages TO 'notice'[0m
  [4;36;1mSQL (0.2ms)[0m   [0;1mSET search_path TO gee[0m
  [4;35;1mSQL (0.6ms)[0m   [0mSELECT version FROM schema_migrations[0m
Migrating to CreateMovies (20091228111418)
Migrating to CreateTest (20091228141334)
  [4;36;1mSQL (0.1ms)[0m   [0;1mBEGIN[0m
  [4;35;1mSQL (120.7ms)[0m   [0mCREATE TABLE "songs" ("id" serial primary key, "title" character varying(255), "created_at" timestamp, "updated_at" timestamp) [0m
  [4;36;1mSQL (0.5ms)[0m   [0;1mINSERT INTO schema_migrations (version) VALUES ('20091228141334')[0m
  [4;35;1mSQL (1.0ms)[0m   [0mCOMMIT[0m
  [4;36;1mSQL (0.2ms)[0m   [0;1mSELECT version FROM schema_migrations[0m
  [4;36;1mSQL (0.2ms)[0m   [0;1mSET client_min_messages TO 'panic'[0m
  [4;35;1mSQL (0.1ms)[0m   [0mSET client_min_messages TO 'notice'[0m
  [4;36;1mSQL (0.2ms)[0m   [0;1mSET search_path TO public[0m
  [4;35;1mSQL (0.6ms)[0m   [0mSELECT version FROM schema_migrations[0m
Migrating to CreateMovies (20091228111418)
Migrating to CreateTest (20091228141334)
  [4;36;1mSQL (0.2ms)[0m   [0;1mSELECT version FROM schema_migrations[0m
  [4;36;1mSQL (0.2ms)[0m   [0;1mSET client_min_messages TO 'panic'[0m
  [4;35;1mSQL (0.1ms)[0m   [0mSET client_min_messages TO 'notice'[0m
  [4;36;1mSQL (0.2ms)[0m   [0;1mSET search_path TO public[0m
  [4;35;1mSQL (0.5ms)[0m   [0mSELECT version FROM schema_migrations[0m
Migrating to CreateMovies (20091228111418)
Migrating to CreateTest (20091228141334)
  [4;36;1mSQL (0.2ms)[0m   [0;1mSELECT version FROM schema_migrations[0m
  [4;36;1mSQL (0.2ms)[0m   [0;1mSET client_min_messages TO 'panic'[0m
  [4;35;1mSQL (0.1ms)[0m   [0mSET client_min_messages TO 'notice'[0m
  [4;36;1mSQL (0.2ms)[0m   [0;1mSET search_path TO public[0m
  [4;35;1mSQL (0.5ms)[0m   [0mSELECT version FROM schema_migrations[0m
Migrating to CreateMovies (20091228111418)
Migrating to CreateTest (20091228141334)
  [4;36;1mSQL (0.2ms)[0m   [0;1mSELECT version FROM schema_migrations[0m
  [4;36;1mSQL (0.2ms)[0m   [0;1mSET client_min_messages TO 'panic'[0m
  [4;35;1mSQL (0.1ms)[0m   [0mSET client_min_messages TO 'notice'[0m
  [4;36;1mSQL (0.2ms)[0m   [0;1mSET search_path TO public[0m
  [4;35;1mSQL (0.5ms)[0m   [0mSELECT version FROM schema_migrations[0m
Migrating to CreateMovies (20091228111418)
Migrating to CreateTest (20091228141334)
  [4;36;1mSQL (0.2ms)[0m   [0;1mSELECT version FROM schema_migrations[0m
  [4;36;1mSQL (0.2ms)[0m   [0;1mSET client_min_messages TO 'panic'[0m
  [4;35;1mSQL (0.1ms)[0m   [0mSET client_min_messages TO 'notice'[0m
  [4;36;1mSQL (0.2ms)[0m   [0;1mSET search_path TO public[0m
  [4;35;1mSQL (0.5ms)[0m   [0mSELECT version FROM schema_migrations[0m
Migrating to CreateMovies (20091228111418)
Migrating to CreateTest (20091228141334)
  [4;36;1mSQL (0.2ms)[0m   [0;1mSELECT version FROM schema_migrations[0m
  [4;36;1mSQL (0.2ms)[0m   [0;1mSET client_min_messages TO 'panic'[0m
  [4;35;1mSQL (0.1ms)[0m   [0mSET client_min_messages TO 'notice'[0m
  [4;36;1mSQL (0.2ms)[0m   [0;1mSET search_path TO public[0m
  [4;35;1mSQL (0.5ms)[0m   [0mSELECT version FROM schema_migrations[0m
Migrating to CreateMovies (20091228111418)
  [4;36;1mSQL (0.1ms)[0m   [0;1mBEGIN[0m
  [4;35;1mSQL (0.0ms)[0m   [0mPGError: ERROR: relation "movies" already exists
: CREATE TABLE "movies" ("id" serial primary key, "title" character varying(255), "created_at" timestamp, "updated_at" timestamp) [0m
  [4;36;1mSQL (0.1ms)[0m   [0;1mROLLBACK[0m
  [4;36;1mSQL (0.2ms)[0m   [0;1mSET client_min_messages TO 'panic'[0m
  [4;35;1mSQL (0.1ms)[0m   [0mSET client_min_messages TO 'notice'[0m
  [4;36;1mSQL (0.2ms)[0m   [0;1mSET search_path TO public[0m
  [4;35;1mSQL (0.5ms)[0m   [0mSELECT version FROM schema_migrations[0m
Migrating to CreateMovies (20091228111418)
Migrating to CreateTest (20091228141334)
  [4;36;1mSQL (0.1ms)[0m   [0;1mBEGIN[0m
  [4;35;1mSQL (9.8ms)[0m   [0mCREATE TABLE "songs" ("id" serial primary key, "title" character varying(255), "created_at" timestamp, "updated_at" timestamp) [0m
  [4;36;1mSQL (0.3ms)[0m   [0;1mINSERT INTO schema_migrations (version) VALUES ('20091228141334')[0m
  [4;35;1mSQL (1.9ms)[0m   [0mCOMMIT[0m
  [4;36;1mSQL (0.3ms)[0m   [0;1mSELECT version FROM schema_migrations[0m
  [4;36;1mSQL (0.2ms)[0m   [0;1mSET client_min_messages TO 'panic'[0m
  [4;35;1mSQL (0.1ms)[0m   [0mSET client_min_messages TO 'notice'[0m
  [4;36;1mSQL (0.2ms)[0m   [0;1mSET search_path TO public[0m
  [4;35;1mSQL (0.5ms)[0m   [0mSELECT version FROM schema_migrations[0m
Migrating to CreateMovies (20091228111418)
Migrating to CreateTest (20091228141334)
  [4;36;1mSQL (0.2ms)[0m   [0;1mSELECT version FROM schema_migrations[0m
  [4;36;1mSQL (0.2ms)[0m   [0;1mSET client_min_messages TO 'panic'[0m
  [4;35;1mSQL (0.1ms)[0m   [0mSET client_min_messages TO 'notice'[0m


Processing MoviesController#index (for 127.0.0.1 at 2009-12-28 16:46:01) [GET]
  Parameters: {"schema"=>"public"}
  [4;36;1mSQL (0.2ms)[0m   [0;1mSET search_path TO public, "$user",public[0m
  [4;35;1mMovie Load (1.8ms)[0m   [0mSELECT * FROM "movies" [0m
Rendering template within layouts/movies
Rendering movies/index
Completed in 58ms (View: 21, DB: 2) | 200 OK [http://localhost/movies?schema=public]
  [4;36;1mSQL (0.2ms)[0m   [0;1mSET client_min_messages TO 'panic'[0m
  [4;35;1mSQL (0.2ms)[0m   [0mSET client_min_messages TO 'notice'[0m


Processing MoviesController#index (for 127.0.0.1 at 2009-12-28 16:46:03) [GET]
  Parameters: {"schema"=>"gee"}
  [4;36;1mSQL (0.2ms)[0m   [0;1mSET search_path TO gee, "$user",public[0m
  [4;35;1mMovie Load (1.7ms)[0m   [0mSELECT * FROM "movies" [0m
Rendering template within layouts/movies
Rendering movies/index
Completed in 35ms (View: 13, DB: 2) | 200 OK [http://localhost/movies?schema=gee]
  [4;36;1mSQL (0.2ms)[0m   [0;1mSET client_min_messages TO 'panic'[0m
  [4;35;1mSQL (0.2ms)[0m   [0mSET client_min_messages TO 'notice'[0m


Processing MoviesController#index (for 127.0.0.1 at 2009-12-28 16:46:05) [GET]
  Parameters: {"schema"=>"public"}
  [4;36;1mSQL (0.2ms)[0m   [0;1mSET search_path TO public, "$user",public[0m
  [4;35;1mMovie Load (1.7ms)[0m   [0mSELECT * FROM "movies" [0m
Rendering template within layouts/movies
Rendering movies/index
Completed in 43ms (View: 21, DB: 2) | 200 OK [http://localhost/movies?schema=public]
  [4;36;1mSQL (0.3ms)[0m   [0;1mSET client_min_messages TO 'panic'[0m
  [4;35;1mSQL (0.2ms)[0m   [0mSET client_min_messages TO 'notice'[0m


Processing MoviesController#index (for 127.0.0.1 at 2009-12-28 16:46:12) [GET]
  Parameters: {"schema"=>"gee"}
  [4;36;1mSQL (0.2ms)[0m   [0;1mSET search_path TO gee, "$user",public[0m
  [4;35;1mMovie Load (1.7ms)[0m   [0mSELECT * FROM "movies" [0m
Rendering template within layouts/movies
Rendering movies/index
Completed in 35ms (View: 14, DB: 2) | 200 OK [http://localhost/movies?schema=gee]
  [4;36;1mSQL (0.2ms)[0m   [0;1mSET client_min_messages TO 'panic'[0m
  [4;35;1mSQL (0.1ms)[0m   [0mSET client_min_messages TO 'notice'[0m


Processing MoviesController#index (for 127.0.0.1 at 2009-12-28 16:46:46) [GET]
  Parameters: {"schema"=>"gee"}
  [4;36;1mSQL (0.2ms)[0m   [0;1mSET search_path TO gee, "$user",public[0m
  [4;35;1mMovie Load (1.9ms)[0m   [0mSELECT * FROM "movies" [0m
Rendering template within layouts/movies
Rendering movies/index
Completed in 37ms (View: 14, DB: 2) | 200 OK [http://localhost/movies?schema=gee]
  [4;36;1mSQL (0.2ms)[0m   [0;1mSET client_min_messages TO 'panic'[0m
  [4;35;1mSQL (0.2ms)[0m   [0mSET client_min_messages TO 'notice'[0m


Processing MoviesController#index (for 127.0.0.1 at 2009-12-28 16:46:47) [GET]
  Parameters: {"schema"=>"public"}
  [4;36;1mSQL (0.2ms)[0m   [0;1mSET search_path TO public, "$user",public[0m
  [4;35;1mMovie Load (1.7ms)[0m   [0mSELECT * FROM "movies" [0m
Rendering template within layouts/movies
Rendering movies/index
Completed in 43ms (View: 21, DB: 2) | 200 OK [http://localhost/movies?schema=public]
  [4;36;1mSQL (0.3ms)[0m   [0;1mSET client_min_messages TO 'panic'[0m
  [4;35;1mSQL (0.2ms)[0m   [0mSET client_min_messages TO 'notice'[0m


Processing MoviesController#index (for 127.0.0.1 at 2009-12-28 16:46:49) [GET]
  Parameters: {"schema"=>"gee"}
  [4;36;1mSQL (0.2ms)[0m   [0;1mSET search_path TO gee, "$user",public[0m
  [4;35;1mMovie Load (1.7ms)[0m   [0mSELECT * FROM "movies" [0m
Rendering template within layouts/movies
Rendering movies/index
Completed in 35ms (View: 14, DB: 2) | 200 OK [http://localhost/movies?schema=gee]
  [4;36;1mSQL (0.3ms)[0m   [0;1mSET client_min_messages TO 'panic'[0m
  [4;35;1mSQL (0.2ms)[0m   [0mSET client_min_messages TO 'notice'[0m
  [4;36;1mSQL (0.3ms)[0m   [0;1mSET search_path TO public[0m
  [4;35;1mSQL (0.2ms)[0m   [0mSET client_min_messages TO 'panic'[0m
  [4;36;1mSQL (0.2ms)[0m   [0;1mSET client_min_messages TO 'notice'[0m
  [4;35;1mSQL (0.3ms)[0m   [0mSET search_path TO public[0m
  [4;36;1mSQL (0.0ms)[0m   [0;1mPGError: ERROR: syntax error at or near "-"
LINE 1: CREATE SCHEMA martial-heroes
 ^
: CREATE SCHEMA martial-heroes[0m
  [4;35;1mSQL (2.9ms)[0m   [0mCREATE SCHEMA martial_heroes[0m
  [4;36;1mSQL (0.2ms)[0m   [0;1mSET client_min_messages TO 'panic'[0m
  [4;35;1mSQL (0.1ms)[0m   [0mSET client_min_messages TO 'notice'[0m


Processing MoviesController#index (for 127.0.0.1 at 2009-12-28 17:21:16) [GET]
  Parameters: {"schema"=>"gee"}
  [4;36;1mSQL (0.2ms)[0m   [0;1mSET search_path TO gee, "$user",public[0m
  [4;35;1mMovie Load (1.8ms)[0m   [0mSELECT * FROM "movies" [0m
Rendering template within layouts/movies
Rendering movies/index
Completed in 116ms (View: 21, DB: 2) | 200 OK [http://localhost/movies?schema=gee]
  [4;36;1mSQL (0.3ms)[0m   [0;1mSET client_min_messages TO 'panic'[0m
  [4;35;1mSQL (0.2ms)[0m   [0mSET client_min_messages TO 'notice'[0m


Processing MoviesController#index (for 127.0.0.1 at 2009-12-28 17:21:18) [GET]
  Parameters: {"schema"=>"public"}
  [4;36;1mSQL (0.2ms)[0m   [0;1mSET search_path TO public, "$user",public[0m
  [4;35;1mMovie Load (1.7ms)[0m   [0mSELECT * FROM "movies" [0m
Rendering template within layouts/movies
Rendering movies/index
Completed in 44ms (View: 22, DB: 2) | 200 OK [http://localhost/movies?schema=public]
  [4;36;1mSQL (0.3ms)[0m   [0;1mSET client_min_messages TO 'panic'[0m
  [4;35;1mSQL (0.2ms)[0m   [0mSET client_min_messages TO 'notice'[0m


Processing MoviesController#index (for 127.0.0.1 at 2009-12-28 17:21:20) [GET]
  Parameters: {"schema"=>"gee"}
  [4;36;1mSQL (0.3ms)[0m   [0;1mSET search_path TO gee, "$user",public[0m
  [4;35;1mMovie Load (1.7ms)[0m   [0mSELECT * FROM "movies" [0m
Rendering template within layouts/movies
Rendering movies/index
Completed in 36ms (View: 14, DB: 2) | 200 OK [http://localhost/movies?schema=gee]
  [4;36;1mSQL (0.2ms)[0m   [0;1mSET client_min_messages TO 'panic'[0m
  [4;35;1mSQL (0.2ms)[0m   [0mSET client_min_messages TO 'notice'[0m


Processing MoviesController#index (for 127.0.0.1 at 2009-12-28 17:21:21) [GET]
  Parameters: {"schema"=>"public"}
  [4;36;1mSQL (0.2ms)[0m   [0;1mSET search_path TO public, "$user",public[0m
  [4;35;1mMovie Load (1.7ms)[0m   [0mSELECT * FROM "movies" [0m
Rendering template within layouts/movies
Rendering movies/index
Completed in 45ms (View: 22, DB: 2) | 200 OK [http://localhost/movies?schema=public]
  [4;36;1mSQL (0.3ms)[0m   [0;1mSET client_min_messages TO 'panic'[0m
  [4;35;1mSQL (0.2ms)[0m   [0mSET client_min_messages TO 'notice'[0m


Processing MoviesController#index (for 127.0.0.1 at 2009-12-28 17:21:24) [GET]
  Parameters: {"schema"=>"martial_heroes"}
  [4;36;1mSQL (0.3ms)[0m   [0;1mSET search_path TO martial_heroes, "$user",public[0m
  [4;35;1mMovie Load (1.6ms)[0m   [0mSELECT * FROM "movies" [0m
Rendering template within layouts/movies
Rendering movies/index
Completed in 26ms (View: 4, DB: 2) | 200 OK [http://localhost/movies?schema=martial_heroes]
  [4;36;1mSQL (0.2ms)[0m   [0;1mSET client_min_messages TO 'panic'[0m
  [4;35;1mSQL (0.1ms)[0m   [0mSET client_min_messages TO 'notice'[0m


Processing MoviesController#new (for 127.0.0.1 at 2009-12-28 17:21:26) [GET]
  [4;36;1mSQL (0.3ms)[0m   [0;1mSET search_path TO martial_heroes, "$user",public[0m
Rendering template within layouts/movies
Rendering movies/new
Completed in 35ms (View: 6, DB: 1) | 200 OK [http://localhost/movies/new]
  [4;35;1mSQL (0.2ms)[0m   [0mSET client_min_messages TO 'panic'[0m
  [4;36;1mSQL (0.1ms)[0m   [0;1mSET client_min_messages TO 'notice'[0m


Processing MoviesController#create (for 127.0.0.1 at 2009-12-28 17:21:35) [POST]
  Parameters: {"commit"=>"Create", "authenticity_token"=>"kPZPmLnZuFRVNjJOswadDgamMrB9B3/qw7zOaQZpySg=", "movie"=>{"title"=>"Kung fu husle"}}
  [4;35;1mSQL (0.2ms)[0m   [0mSET search_path TO martial_heroes, "$user",public[0m
  [4;36;1mSQL (0.1ms)[0m   [0;1mBEGIN[0m
  [4;35;1mSQL (1.2ms)[0m   [0mINSERT INTO "movies" ("created_at", "title", "updated_at") VALUES('2009-12-28 16:21:35.987763', E'Kung fu husle', '2009-12-28 16:21:35.987763') RETURNING "id"[0m
  [4;36;1mSQL (0.7ms)[0m   [0;1mCOMMIT[0m
Redirected to http://localhost:3000/movies/1
Completed in 42ms (DB: 2) | 302 Found [http://localhost/movies]
  [4;35;1mSQL (0.2ms)[0m   [0mSET client_min_messages TO 'panic'[0m
  [4;36;1mSQL (0.1ms)[0m   [0;1mSET client_min_messages TO 'notice'[0m


Processing MoviesController#show (for 127.0.0.1 at 2009-12-28 17:21:36) [GET]
  Parameters: {"id"=>"1"}
  [4;35;1mSQL (0.3ms)[0m   [0mSET search_path TO martial_heroes, "$user",public[0m
  [4;36;1mMovie Load (0.8ms)[0m   [0;1mSELECT * FROM "movies" WHERE ("movies"."id" = 1) [0m
Rendering template within layouts/movies
Rendering movies/show
Completed in 33ms (View: 5, DB: 1) | 200 OK [http://localhost/movies/1]
  [4;35;1mSQL (0.2ms)[0m   [0mSET client_min_messages TO 'panic'[0m
  [4;36;1mSQL (0.2ms)[0m   [0;1mSET client_min_messages TO 'notice'[0m


Processing MoviesController#index (for 127.0.0.1 at 2009-12-28 17:21:37) [GET]
  [4;35;1mSQL (0.2ms)[0m   [0mSET search_path TO martial_heroes, "$user",public[0m
  [4;36;1mMovie Load (1.7ms)[0m   [0;1mSELECT * FROM "movies" [0m
Rendering template within layouts/movies
Rendering movies/index
Completed in 36ms (View: 14, DB: 2) | 200 OK [http://localhost/movies]
  [4;35;1mSQL (0.2ms)[0m   [0mSET client_min_messages TO 'panic'[0m
  [4;36;1mSQL (0.2ms)[0m   [0;1mSET client_min_messages TO 'notice'[0m


Processing MoviesController#index (for 127.0.0.1 at 2009-12-28 17:21:42) [GET]
  Parameters: {"schema"=>"public"}
  [4;35;1mSQL (0.2ms)[0m   [0mSET search_path TO public, "$user",public[0m
  [4;36;1mMovie Load (1.8ms)[0m   [0;1mSELECT * FROM "movies" [0m
Rendering template within layouts/movies
Rendering movies/index
Completed in 44ms (View: 22, DB: 2) | 200 OK [http://localhost/movies?schema=public]
  [4;35;1mSQL (0.3ms)[0m   [0mSET client_min_messages TO 'panic'[0m
  [4;36;1mSQL (0.2ms)[0m   [0;1mSET client_min_messages TO 'notice'[0m


Processing MoviesController#index (for 127.0.0.1 at 2009-12-28 17:21:43) [GET]
  Parameters: {"schema"=>"gee"}
  [4;35;1mSQL (0.3ms)[0m   [0mSET search_path TO gee, "$user",public[0m
  [4;36;1mMovie Load (1.7ms)[0m   [0;1mSELECT * FROM "movies" [0m
Rendering template within layouts/movies
Rendering movies/index
Completed in 36ms (View: 14, DB: 2) | 200 OK [http://localhost/movies?schema=gee]
  [4;35;1mSQL (0.2ms)[0m   [0mSET client_min_messages TO 'panic'[0m
  [4;36;1mSQL (0.2ms)[0m   [0;1mSET client_min_messages TO 'notice'[0m


Processing MoviesController#index (for 127.0.0.1 at 2009-12-28 17:21:44) [GET]
  Parameters: {"schema"=>"martial_heroes"}
  [4;35;1mSQL (0.3ms)[0m   [0mSET search_path TO martial_heroes, "$user",public[0m
  [4;36;1mMovie Load (1.7ms)[0m   [0;1mSELECT * FROM "movies" [0m
Rendering template within layouts/movies
Rendering movies/index
Completed in 36ms (View: 14, DB: 2) | 200 OK [http://localhost/movies?schema=martial_heroes]
  [4;35;1mSQL (0.2ms)[0m   [0mSET client_min_messages TO 'panic'[0m
  [4;36;1mSQL (0.1ms)[0m   [0;1mSET client_min_messages TO 'notice'[0m


Processing MoviesController#index (for 127.0.0.1 at 2009-12-28 17:22:15) [GET]
  Parameters: {"schema"=>"martial_heroes"}
  [4;35;1mSQL (0.3ms)[0m   [0mSET search_path TO martial_heroes, "$user",public[0m
  [4;36;1mMovie Load (1.7ms)[0m   [0;1mSELECT * FROM "movies" [0m
Rendering template within layouts/movies
Rendering movies/index
Completed in 43ms (View: 21, DB: 2) | 200 OK [http://localhost/movies?schema=martial_heroes]
  [4;35;1mSQL (0.2ms)[0m   [0mSET client_min_messages TO 'panic'[0m
  [4;36;1mSQL (0.2ms)[0m   [0;1mSET client_min_messages TO 'notice'[0m


Processing MoviesController#index (for 127.0.0.1 at 2009-12-28 17:22:19) [GET]
  Parameters: {"schema"=>"public"}
  [4;35;1mSQL (0.2ms)[0m   [0mSET search_path TO public, "$user",public[0m
  [4;36;1mMovie Load (1.8ms)[0m   [0;1mSELECT * FROM "movies" [0m
Rendering template within layouts/movies
Rendering movies/index
Completed in 45ms (View: 22, DB: 2) | 200 OK [http://localhost/movies?schema=public]
  [4;35;1mSQL (0.2ms)[0m   [0mSET client_min_messages TO 'panic'[0m
  [4;36;1mSQL (0.1ms)[0m   [0;1mSET client_min_messages TO 'notice'[0m


Processing MoviesController#index (for 127.0.0.1 at 2009-12-28 17:22:21) [GET]
  Parameters: {"schema"=>"gee"}
  [4;35;1mSQL (0.2ms)[0m   [0mSET search_path TO gee, "$user",public[0m
  [4;36;1mMovie Load (2.4ms)[0m   [0;1mSELECT * FROM "movies" [0m
Rendering template within layouts/movies
Rendering movies/index
Completed in 42ms (View: 17, DB: 3) | 200 OK [http://localhost/movies?schema=gee]
  [4;35;1mSQL (0.2ms)[0m   [0mSET client_min_messages TO 'panic'[0m
  [4;36;1mSQL (0.1ms)[0m   [0;1mSET client_min_messages TO 'notice'[0m


Processing MoviesController#index (for 127.0.0.1 at 2009-12-28 17:22:23) [GET]
  Parameters: {"schema"=>"public"}
  [4;35;1mSQL (0.2ms)[0m   [0mSET search_path TO public, "$user",public[0m
  [4;36;1mMovie Load (1.8ms)[0m   [0;1mSELECT * FROM "movies" [0m
Rendering template within layouts/movies
Rendering movies/index
Completed in 45ms (View: 22, DB: 2) | 200 OK [http://localhost/movies?schema=public]
  [4;35;1mSQL (0.3ms)[0m   [0mSET client_min_messages TO 'panic'[0m
  [4;36;1mSQL (0.2ms)[0m   [0;1mSET client_min_messages TO 'notice'[0m


Processing MoviesController#index (for 127.0.0.1 at 2009-12-28 17:22:24) [GET]
  Parameters: {"schema"=>"martial_heroes"}
  [4;35;1mSQL (0.2ms)[0m   [0mSET search_path TO martial_heroes, "$user",public[0m
  [4;36;1mMovie Load (1.9ms)[0m   [0;1mSELECT * FROM "movies" [0m
Rendering template within layouts/movies
Rendering movies/index
Completed in 37ms (View: 14, DB: 3) | 200 OK [http://localhost/movies?schema=martial_heroes]
  [4;35;1mSQL (0.3ms)[0m   [0mSET client_min_messages TO 'panic'[0m
  [4;36;1mSQL (0.2ms)[0m   [0;1mSET client_min_messages TO 'notice'[0m


Processing MoviesController#index (for 127.0.0.1 at 2009-12-28 17:22:27) [GET]
  Parameters: {"schema"=>"public"}
  [4;35;1mSQL (0.2ms)[0m   [0mSET search_path TO public, "$user",public[0m
  [4;36;1mMovie Load (1.8ms)[0m   [0;1mSELECT * FROM "movies" [0m
Rendering template within layouts/movies
Rendering movies/index
Completed in 45ms (View: 22, DB: 2) | 200 OK [http://localhost/movies?schema=public]
  [4;35;1mSQL (0.2ms)[0m   [0mSET client_min_messages TO 'panic'[0m
  [4;36;1mSQL (0.2ms)[0m   [0;1mSET client_min_messages TO 'notice'[0m


Processing MoviesController#index (for 127.0.0.1 at 2009-12-28 17:22:28) [GET]
  Parameters: {"schema"=>"gee"}
  [4;35;1mSQL (0.3ms)[0m   [0mSET search_path TO gee, "$user",public[0m
  [4;36;1mMovie Load (1.7ms)[0m   [0;1mSELECT * FROM "movies" [0m
Rendering template within layouts/movies
Rendering movies/index
Completed in 37ms (View: 14, DB: 2) | 200 OK [http://localhost/movies?schema=gee]
